2022-05-02 02:19:59,973 - octoprint.startup - INFO - ******************************************************************************
2022-05-02 02:19:59,975 - octoprint.startup - INFO - Starting OctoPrint 1.7.3
2022-05-02 02:19:59,976 - octoprint.startup - INFO - ******************************************************************************
2022-05-02 02:20:00,008 - octoprint.util.connectivity.connectivity_checker - INFO - Connectivity state is currently: online
2022-05-02 02:20:00,008 - octoprint.util.connectivity.connectivity_checker - INFO - Connecting to 1.1.1.1:53 is working
2022-05-02 02:20:00,008 - octoprint.util.connectivity.connectivity_checker - INFO - Resolving octoprint.org is working
2022-05-02 02:20:00,071 - octoprint.plugin.core - INFO - Loading plugins from /usr/local/lib/python3.8/site-packages/octoprint/plugins, /octoprint/octoprint/plugins and installed plugin packages...
2022-05-02 02:20:01,411 - octoprint.plugin.core - INFO - Found 18 plugin(s) providing 18 mixin implementations, 38 hook handlers
2022-05-02 02:20:01,469 - octoprint.server.heartbeat - INFO - Starting server heartbeat, 900.0s interval
2022-05-02 02:20:01,489 - octoprint.server - INFO - Intermediary server started
2022-05-02 02:20:01,492 - octoprint.printer.profile - ERROR - Profile _default does not exist, creating _default again and setting it as default
2022-05-02 02:20:01,550 - octoprint.filemanager.storage - INFO - Initializing the file metadata for /octoprint/octoprint/uploads...
2022-05-02 02:20:01,553 - octoprint.filemanager.storage - INFO - ... file metadata for /octoprint/octoprint/uploads initialized successfully.
2022-05-02 02:20:01,558 - octoprint.server - INFO - Added new permission from plugin action_command_notification: PLUGIN_ACTION_COMMAND_NOTIFICATION_SHOW (needs: "Need(method='role', value='plugin_action_command_notification_show')")
2022-05-02 02:20:01,558 - octoprint.server - INFO - Added new permission from plugin action_command_notification: PLUGIN_ACTION_COMMAND_NOTIFICATION_CLEAR (needs: "Need(method='role', value='plugin_action_command_notification_clear')")
2022-05-02 02:20:01,559 - octoprint.server - INFO - Added new permission from plugin action_command_prompt: PLUGIN_ACTION_COMMAND_PROMPT_INTERACT (needs: "Need(method='role', value='plugin_action_command_prompt_interact')")
2022-05-02 02:20:01,560 - octoprint.server - INFO - Added new permission from plugin announcements: PLUGIN_ANNOUNCEMENTS_READ (needs: "Need(method='role', value='plugin_announcements_read')")
2022-05-02 02:20:01,560 - octoprint.server - INFO - Added new permission from plugin announcements: PLUGIN_ANNOUNCEMENTS_MANAGE (needs: "Need(method='role', value='plugin_announcements_manage'), Need(method='role', value='plugin_announcements_read')")
2022-05-02 02:20:01,561 - octoprint.server - INFO - Added new permission from plugin appkeys: PLUGIN_APPKEYS_ADMIN (needs: "Need(method='role', value='plugin_appkeys_admin')")
2022-05-02 02:20:01,561 - octoprint.server - INFO - Added new permission from plugin backup: PLUGIN_BACKUP_ACCESS (needs: "Need(method='role', value='plugin_backup_access')")
2022-05-02 02:20:01,562 - octoprint.server - INFO - Added new permission from plugin firmware_check: PLUGIN_FIRMWARE_CHECK_DISPLAY (needs: "Need(method='role', value='plugin_firmware_check_display')")
2022-05-02 02:20:01,562 - octoprint.server - INFO - Added new permission from plugin logging: PLUGIN_LOGGING_MANAGE (needs: "Need(method='role', value='plugin_logging_manage')")
2022-05-02 02:20:01,567 - octoprint.server - INFO - Added new permission from plugin pi_support: PLUGIN_PI_SUPPORT_STATUS (needs: "Need(method='role', value='plugin_pi_support_check')")
2022-05-02 02:20:01,570 - octoprint.server - INFO - Added new permission from plugin pluginmanager: PLUGIN_PLUGINMANAGER_MANAGE (needs: "Need(method='role', value='plugin_pluginmanager_manage')")
2022-05-02 02:20:01,573 - octoprint.server - INFO - Added new permission from plugin pluginmanager: PLUGIN_PLUGINMANAGER_INSTALL (needs: "Need(method='role', value='plugin_pluginmanager_install'), Need(method='role', value='plugin_pluginmanager_manage')")
2022-05-02 02:20:01,574 - octoprint.server - INFO - Added new permission from plugin softwareupdate: PLUGIN_SOFTWAREUPDATE_CHECK (needs: "Need(method='role', value='plugin_softwareupdate_check')")
2022-05-02 02:20:01,579 - octoprint.server - INFO - Added new permission from plugin softwareupdate: PLUGIN_SOFTWAREUPDATE_UPDATE (needs: "Need(method='role', value='plugin_softwareupdate_update')")
2022-05-02 02:20:01,580 - octoprint.server - INFO - Added new permission from plugin softwareupdate: PLUGIN_SOFTWAREUPDATE_CONFIGURE (needs: "Need(method='role', value='plugin_softwareupdate_configure')")
2022-05-02 02:20:02,759 - octoprint.util.pip - INFO - Using "/usr/local/bin/python -m pip" as command to invoke pip
2022-05-02 02:20:03,863 - octoprint.util.pip - INFO - Version of pip is 21.2.4
2022-05-02 02:20:03,865 - octoprint.util.pip - INFO - pip installs to /usr/local/lib/python3.8/site-packages (writable -> yes), --user flag needed -> no, virtual env -> no
2022-05-02 02:20:03,865 - octoprint.util.pip - INFO - ==> pip ok -> yes
2022-05-02 02:20:03,983 - octoprint.plugin.core - INFO - Initialized 18 plugin implementation(s)
2022-05-02 02:20:04,063 - octoprint.plugin.core - INFO - 18 plugin(s) registered with the system:
|  Action Command Notification Support (bundled) = /usr/local/lib/python3.8/site-packages/octoprint/plugins/action_command_notification
|  Action Command Prompt Support (bundled) = /usr/local/lib/python3.8/site-packages/octoprint/plugins/action_command_prompt
|  Announcement Plugin (bundled) = /usr/local/lib/python3.8/site-packages/octoprint/plugins/announcements
|  Anonymous Usage Tracking (bundled) = /usr/local/lib/python3.8/site-packages/octoprint/plugins/tracking
|  Application Keys Plugin (bundled) = /usr/local/lib/python3.8/site-packages/octoprint/plugins/appkeys
|  Backup & Restore (bundled) = /usr/local/lib/python3.8/site-packages/octoprint/plugins/backup
|  Core Wizard (bundled) = /usr/local/lib/python3.8/site-packages/octoprint/plugins/corewizard
|  Discovery (bundled) = /usr/local/lib/python3.8/site-packages/octoprint/plugins/discovery
|  Error Tracking (bundled) = /usr/local/lib/python3.8/site-packages/octoprint/plugins/errortracking
|  Event Manager (bundled) = /usr/local/lib/python3.8/site-packages/octoprint/plugins/eventmanager
|  File Check (2021.2.23) (bundled) = /usr/local/lib/python3.8/site-packages/octoprint_file_check
|  Firmware Check (2021.10.11) (bundled) = /usr/local/lib/python3.8/site-packages/octoprint_firmware_check
|  GCode Viewer (bundled) = /usr/local/lib/python3.8/site-packages/octoprint/plugins/gcodeviewer
|  Logging (bundled) = /usr/local/lib/python3.8/site-packages/octoprint/plugins/logging
|  Pi Support Plugin (2021.10.28) (bundled) = /usr/local/lib/python3.8/site-packages/octoprint_pi_support
|  Plugin Manager (bundled) = /usr/local/lib/python3.8/site-packages/octoprint/plugins/pluginmanager
|  Software Update (bundled) = /usr/local/lib/python3.8/site-packages/octoprint/plugins/softwareupdate
|  Virtual Printer (bundled) = /usr/local/lib/python3.8/site-packages/octoprint/plugins/virtual_printer
Prefix legend: ! = disabled, # = blacklisted, * = incompatible
2022-05-02 02:20:04,089 - octoprint.environment - INFO - Detected environment is Python 3.8.12 under Linux (linux). Details:
|  hardware:
|    cores: 4
|    freq: 1500.0
|    ram: 3926478848
|  os:
|    bits: 64
|    id: linux
|    platform: linux
|  plugins:
|    pi_support:
|      model: Raspberry Pi 4 Model B Rev 1.1
|      throttle_state: '0x0'
|  python:
|    pip: 21.2.4
|    version: 3.8.12
2022-05-02 02:20:04,097 - octoprint.server - INFO - Reset webasset folder /octoprint/octoprint/generated/webassets...
2022-05-02 02:20:04,098 - octoprint.server - INFO - Reset webasset folder /octoprint/octoprint/generated/.webassets-cache...
2022-05-02 02:20:04,689 - octoprint.server - INFO - Shutting down intermediary server...
2022-05-02 02:20:05,009 - octoprint.server - INFO - Intermediary server shut down
2022-05-02 02:20:05,011 - octoprint.events - INFO - Processing startup event, this is our first event
2022-05-02 02:20:05,012 - octoprint.events - INFO - Adding 1 events to queue that were held back before startup event
2022-05-02 02:20:05,012 - octoprint.filemanager - INFO - Adding backlog items from all storage types to analysis queue...
2022-05-02 02:20:05,018 - octoprint.server.util.watchdog - INFO - Running initial scan on watched folder...
2022-05-02 02:20:05,019 - octoprint.filemanager - INFO - Added 0 items from storage type "local" to analysis queue
2022-05-02 02:20:05,025 - octoprint.server.util.watchdog - INFO - ... initial scan done.
2022-05-02 02:20:05,842 - octoprint.plugins.discovery - INFO - Registered 'OctoPrint instance on 65142db30913._http._tcp.local.' for _http._tcp.local.
2022-05-02 02:20:06,674 - octoprint.plugins.discovery - INFO - Registered 'OctoPrint instance on 65142db30913._octoprint._tcp.local.' for _octoprint._tcp.local.
2022-05-02 02:20:06,685 - octoprint.plugins.discovery - INFO - Registered OctoPrint instance on 65142db30913 for SSDP
2022-05-02 02:20:06,698 - octoprint.server - INFO - Listening on http://0.0.0.0:5000
2022-05-02 02:20:07,251 - octoprint.plugins.announcements - INFO - Loaded channel _important from https://octoprint.org/feeds/important.xml in 0.51s
2022-05-02 02:20:07,535 - octoprint.plugins.pluginmanager - INFO - Loaded plugin repository data from https://plugins.octoprint.org/plugins.json
2022-05-02 02:20:07,896 - octoprint.util.pip - INFO - Using "/usr/local/bin/python -m pip" as command to invoke pip
2022-05-02 02:20:07,899 - octoprint.util.pip - INFO - pip installs to /usr/local/lib/python3.8/site-packages (writable -> yes), --user flag needed -> no, virtual env -> no
2022-05-02 02:20:07,912 - octoprint.util.pip - INFO - ==> pip ok -> yes
2022-05-02 02:20:07,924 - octoprint.plugins.softwareupdate - INFO - Minimum free storage across all update relevant locations is 106.8GB. That is considered sufficient for updating.
2022-05-02 02:20:07,925 - octoprint.plugins.softwareupdate - INFO - Fetching check overlays from https://plugins.octoprint.org/update_check_overlay.json
2022-05-02 02:20:07,983 - octoprint.plugins.announcements - INFO - Loaded channel _releases from https://octoprint.org/feeds/releases.xml in 0.55s
2022-05-02 02:20:08,950 - octoprint.plugins.announcements - INFO - Loaded channel _blog from https://octoprint.org/feeds/octoblog.xml in 0.67s
2022-05-02 02:20:09,866 - octoprint.plugins.announcements - INFO - Loaded channel _plugins from https://plugins.octoprint.org/feed.xml in 0.55s
2022-05-02 02:20:10,067 - octoprint.util.pip - INFO - Using "/usr/local/bin/python -m pip" as command to invoke pip
2022-05-02 02:20:10,068 - octoprint.util.pip - INFO - pip installs to /usr/local/lib/python3.8/site-packages (writable -> yes), --user flag needed -> no, virtual env -> no
2022-05-02 02:20:10,070 - octoprint.util.pip - INFO - ==> pip ok -> yes
2022-05-02 02:20:10,098 - octoprint.plugins.softwareupdate - INFO - Saved version cache to disk
2022-05-02 02:20:10,453 - octoprint.plugins.pluginmanager - INFO - Loaded plugin notices data from https://plugins.octoprint.org/notices.json
2022-05-02 02:20:10,558 - octoprint.plugins.announcements - INFO - Loaded channel _octopi from https://octoprint.org/feeds/octopi.xml in 0.49s
2022-05-02 02:21:31,009 - octoprint.server - INFO - Shutting down...
2022-05-02 02:21:31,106 - octoprint.server - INFO - Calling on_shutdown on plugins
2022-05-02 02:21:31,107 - octoprint.events - INFO - Processing shutdown event, this will be our last event
2022-05-02 02:21:31,108 - octoprint.events - INFO - Event loop shut down
2022-05-02 02:21:31,122 - octoprint.server - INFO - Goodbye!
2022-05-02 02:21:55,282 - octoprint.startup - INFO - ******************************************************************************
2022-05-02 02:21:55,285 - octoprint.startup - INFO - Starting OctoPrint 1.7.3
2022-05-02 02:21:55,287 - octoprint.startup - INFO - ******************************************************************************
2022-05-02 02:21:55,606 - octoprint.util.connectivity.connectivity_checker - INFO - Connectivity state is currently: online
2022-05-02 02:21:55,606 - octoprint.util.connectivity.connectivity_checker - INFO - Connecting to 1.1.1.1:53 is working
2022-05-02 02:21:55,606 - octoprint.util.connectivity.connectivity_checker - INFO - Resolving octoprint.org is working
2022-05-02 02:21:55,654 - octoprint.plugin.core - INFO - Loading plugins from /usr/local/lib/python3.8/site-packages/octoprint/plugins, /octoprint/octoprint/plugins and installed plugin packages...
2022-05-02 02:21:56,824 - octoprint.plugin.core - INFO - Found 18 plugin(s) providing 18 mixin implementations, 38 hook handlers
2022-05-02 02:21:56,896 - octoprint.server.heartbeat - INFO - Starting server heartbeat, 900.0s interval
2022-05-02 02:21:56,907 - octoprint.server - INFO - Intermediary server started
2022-05-02 02:21:56,928 - octoprint.filemanager.storage - INFO - Initializing the file metadata for /octoprint/octoprint/uploads...
2022-05-02 02:21:56,930 - octoprint.filemanager.storage - INFO - ... file metadata for /octoprint/octoprint/uploads initialized successfully.
2022-05-02 02:21:56,935 - octoprint.server - INFO - Added new permission from plugin action_command_notification: PLUGIN_ACTION_COMMAND_NOTIFICATION_SHOW (needs: "Need(method='role', value='plugin_action_command_notification_show')")
2022-05-02 02:21:56,936 - octoprint.server - INFO - Added new permission from plugin action_command_notification: PLUGIN_ACTION_COMMAND_NOTIFICATION_CLEAR (needs: "Need(method='role', value='plugin_action_command_notification_clear')")
2022-05-02 02:21:56,936 - octoprint.server - INFO - Added new permission from plugin action_command_prompt: PLUGIN_ACTION_COMMAND_PROMPT_INTERACT (needs: "Need(method='role', value='plugin_action_command_prompt_interact')")
2022-05-02 02:21:56,937 - octoprint.server - INFO - Added new permission from plugin announcements: PLUGIN_ANNOUNCEMENTS_READ (needs: "Need(method='role', value='plugin_announcements_read')")
2022-05-02 02:21:56,937 - octoprint.server - INFO - Added new permission from plugin announcements: PLUGIN_ANNOUNCEMENTS_MANAGE (needs: "Need(method='role', value='plugin_announcements_read'), Need(method='role', value='plugin_announcements_manage')")
2022-05-02 02:21:56,938 - octoprint.server - INFO - Added new permission from plugin appkeys: PLUGIN_APPKEYS_ADMIN (needs: "Need(method='role', value='plugin_appkeys_admin')")
2022-05-02 02:21:56,938 - octoprint.server - INFO - Added new permission from plugin backup: PLUGIN_BACKUP_ACCESS (needs: "Need(method='role', value='plugin_backup_access')")
2022-05-02 02:21:56,939 - octoprint.server - INFO - Added new permission from plugin firmware_check: PLUGIN_FIRMWARE_CHECK_DISPLAY (needs: "Need(method='role', value='plugin_firmware_check_display')")
2022-05-02 02:21:56,939 - octoprint.server - INFO - Added new permission from plugin logging: PLUGIN_LOGGING_MANAGE (needs: "Need(method='role', value='plugin_logging_manage')")
2022-05-02 02:21:56,953 - octoprint.server - INFO - Added new permission from plugin pi_support: PLUGIN_PI_SUPPORT_STATUS (needs: "Need(method='role', value='plugin_pi_support_check')")
2022-05-02 02:21:56,959 - octoprint.server - INFO - Added new permission from plugin pluginmanager: PLUGIN_PLUGINMANAGER_MANAGE (needs: "Need(method='role', value='plugin_pluginmanager_manage')")
2022-05-02 02:21:56,962 - octoprint.server - INFO - Added new permission from plugin pluginmanager: PLUGIN_PLUGINMANAGER_INSTALL (needs: "Need(method='role', value='plugin_pluginmanager_manage'), Need(method='role', value='plugin_pluginmanager_install')")
2022-05-02 02:21:56,964 - octoprint.server - INFO - Added new permission from plugin softwareupdate: PLUGIN_SOFTWAREUPDATE_CHECK (needs: "Need(method='role', value='plugin_softwareupdate_check')")
2022-05-02 02:21:56,966 - octoprint.server - INFO - Added new permission from plugin softwareupdate: PLUGIN_SOFTWAREUPDATE_UPDATE (needs: "Need(method='role', value='plugin_softwareupdate_update')")
2022-05-02 02:21:56,969 - octoprint.server - INFO - Added new permission from plugin softwareupdate: PLUGIN_SOFTWAREUPDATE_CONFIGURE (needs: "Need(method='role', value='plugin_softwareupdate_configure')")
2022-05-02 02:21:58,140 - octoprint.util.pip - INFO - Using "/usr/local/bin/python -m pip" as command to invoke pip
2022-05-02 02:21:59,328 - octoprint.util.pip - INFO - Version of pip is 21.2.4
2022-05-02 02:21:59,330 - octoprint.util.pip - INFO - pip installs to /usr/local/lib/python3.8/site-packages (writable -> yes), --user flag needed -> no, virtual env -> no
2022-05-02 02:21:59,332 - octoprint.util.pip - INFO - ==> pip ok -> yes
2022-05-02 02:21:59,383 - octoprint.plugins.softwareupdate - INFO - Loaded version cache from disk
2022-05-02 02:21:59,467 - octoprint.plugin.core - INFO - Initialized 18 plugin implementation(s)
2022-05-02 02:21:59,476 - octoprint.plugin.core - INFO - 18 plugin(s) registered with the system:
|  Action Command Notification Support (bundled) = /usr/local/lib/python3.8/site-packages/octoprint/plugins/action_command_notification
|  Action Command Prompt Support (bundled) = /usr/local/lib/python3.8/site-packages/octoprint/plugins/action_command_prompt
|  Announcement Plugin (bundled) = /usr/local/lib/python3.8/site-packages/octoprint/plugins/announcements
|  Anonymous Usage Tracking (bundled) = /usr/local/lib/python3.8/site-packages/octoprint/plugins/tracking
|  Application Keys Plugin (bundled) = /usr/local/lib/python3.8/site-packages/octoprint/plugins/appkeys
|  Backup & Restore (bundled) = /usr/local/lib/python3.8/site-packages/octoprint/plugins/backup
|  Core Wizard (bundled) = /usr/local/lib/python3.8/site-packages/octoprint/plugins/corewizard
|  Discovery (bundled) = /usr/local/lib/python3.8/site-packages/octoprint/plugins/discovery
|  Error Tracking (bundled) = /usr/local/lib/python3.8/site-packages/octoprint/plugins/errortracking
|  Event Manager (bundled) = /usr/local/lib/python3.8/site-packages/octoprint/plugins/eventmanager
|  File Check (2021.2.23) (bundled) = /usr/local/lib/python3.8/site-packages/octoprint_file_check
|  Firmware Check (2021.10.11) (bundled) = /usr/local/lib/python3.8/site-packages/octoprint_firmware_check
|  GCode Viewer (bundled) = /usr/local/lib/python3.8/site-packages/octoprint/plugins/gcodeviewer
|  Logging (bundled) = /usr/local/lib/python3.8/site-packages/octoprint/plugins/logging
|  Pi Support Plugin (2021.10.28) (bundled) = /usr/local/lib/python3.8/site-packages/octoprint_pi_support
|  Plugin Manager (bundled) = /usr/local/lib/python3.8/site-packages/octoprint/plugins/pluginmanager
|  Software Update (bundled) = /usr/local/lib/python3.8/site-packages/octoprint/plugins/softwareupdate
|  Virtual Printer (bundled) = /usr/local/lib/python3.8/site-packages/octoprint/plugins/virtual_printer
Prefix legend: ! = disabled, # = blacklisted, * = incompatible
2022-05-02 02:21:59,500 - octoprint.environment - INFO - Detected environment is Python 3.8.12 under Linux (linux). Details:
|  hardware:
|    cores: 4
|    freq: 1500.0
|    ram: 3926478848
|  os:
|    bits: 64
|    id: linux
|    platform: linux
|  plugins:
|    pi_support:
|      model: Raspberry Pi 4 Model B Rev 1.1
|      throttle_state: '0x0'
|  python:
|    pip: 21.2.4
|    version: 3.8.12
2022-05-02 02:21:59,508 - octoprint.server - INFO - Reset webasset folder /octoprint/octoprint/generated/webassets...
2022-05-02 02:21:59,510 - octoprint.server - INFO - Reset webasset folder /octoprint/octoprint/generated/.webassets-cache...
2022-05-02 02:22:00,048 - octoprint.server - INFO - Shutting down intermediary server...
2022-05-02 02:22:00,428 - octoprint.server - INFO - Intermediary server shut down
2022-05-02 02:22:00,430 - octoprint.events - INFO - Processing startup event, this is our first event
2022-05-02 02:22:00,431 - octoprint.events - INFO - Adding 1 events to queue that were held back before startup event
2022-05-02 02:22:00,435 - octoprint.filemanager - INFO - Adding backlog items from all storage types to analysis queue...
2022-05-02 02:22:00,439 - octoprint.filemanager - INFO - Added 0 items from storage type "local" to analysis queue
2022-05-02 02:22:00,441 - octoprint.server.util.watchdog - INFO - Running initial scan on watched folder...
2022-05-02 02:22:00,447 - octoprint.server.util.watchdog - INFO - ... initial scan done.
2022-05-02 02:22:43,023 - octoprint.startup - INFO - ******************************************************************************
2022-05-02 02:22:43,026 - octoprint.startup - INFO - Starting OctoPrint 1.7.3
2022-05-02 02:22:43,027 - octoprint.startup - INFO - Starting in SAFE MODE. Third party plugins will be disabled!
2022-05-02 02:22:43,027 - octoprint.startup - INFO - Reason for safe mode: problem during last startup
2022-05-02 02:22:43,027 - octoprint.startup - INFO - ******************************************************************************
2022-05-02 02:22:43,371 - octoprint.util.connectivity.connectivity_checker - INFO - Connectivity state is currently: online
2022-05-02 02:22:43,372 - octoprint.util.connectivity.connectivity_checker - INFO - Connecting to 1.1.1.1:53 is working
2022-05-02 02:22:43,372 - octoprint.util.connectivity.connectivity_checker - INFO - Resolving octoprint.org is working
2022-05-02 02:22:43,426 - octoprint.plugin.core - INFO - Loading plugins from /usr/local/lib/python3.8/site-packages/octoprint/plugins, /octoprint/octoprint/plugins and installed plugin packages...
2022-05-02 02:22:44,712 - octoprint.plugin.core - INFO - Found 18 plugin(s) providing 18 mixin implementations, 38 hook handlers
2022-05-02 02:22:44,753 - octoprint.server.heartbeat - INFO - Starting server heartbeat, 900.0s interval
2022-05-02 02:22:44,764 - octoprint.server - INFO - Intermediary server started
2022-05-02 02:22:44,786 - octoprint.filemanager.storage - INFO - Initializing the file metadata for /octoprint/octoprint/uploads...
2022-05-02 02:22:44,788 - octoprint.filemanager.storage - INFO - ... file metadata for /octoprint/octoprint/uploads initialized successfully.
2022-05-02 02:22:44,793 - octoprint.server - INFO - Added new permission from plugin action_command_notification: PLUGIN_ACTION_COMMAND_NOTIFICATION_SHOW (needs: "Need(method='role', value='plugin_action_command_notification_show')")
2022-05-02 02:22:44,793 - octoprint.server - INFO - Added new permission from plugin action_command_notification: PLUGIN_ACTION_COMMAND_NOTIFICATION_CLEAR (needs: "Need(method='role', value='plugin_action_command_notification_clear')")
2022-05-02 02:22:44,794 - octoprint.server - INFO - Added new permission from plugin action_command_prompt: PLUGIN_ACTION_COMMAND_PROMPT_INTERACT (needs: "Need(method='role', value='plugin_action_command_prompt_interact')")
2022-05-02 02:22:44,794 - octoprint.server - INFO - Added new permission from plugin announcements: PLUGIN_ANNOUNCEMENTS_READ (needs: "Need(method='role', value='plugin_announcements_read')")
2022-05-02 02:22:44,795 - octoprint.server - INFO - Added new permission from plugin announcements: PLUGIN_ANNOUNCEMENTS_MANAGE (needs: "Need(method='role', value='plugin_announcements_read'), Need(method='role', value='plugin_announcements_manage')")
2022-05-02 02:22:44,795 - octoprint.server - INFO - Added new permission from plugin appkeys: PLUGIN_APPKEYS_ADMIN (needs: "Need(method='role', value='plugin_appkeys_admin')")
2022-05-02 02:22:44,796 - octoprint.server - INFO - Added new permission from plugin backup: PLUGIN_BACKUP_ACCESS (needs: "Need(method='role', value='plugin_backup_access')")
2022-05-02 02:22:44,796 - octoprint.server - INFO - Added new permission from plugin firmware_check: PLUGIN_FIRMWARE_CHECK_DISPLAY (needs: "Need(method='role', value='plugin_firmware_check_display')")
2022-05-02 02:22:44,797 - octoprint.server - INFO - Added new permission from plugin logging: PLUGIN_LOGGING_MANAGE (needs: "Need(method='role', value='plugin_logging_manage')")
2022-05-02 02:22:44,797 - octoprint.server - INFO - Added new permission from plugin pi_support: PLUGIN_PI_SUPPORT_STATUS (needs: "Need(method='role', value='plugin_pi_support_check')")
2022-05-02 02:22:44,802 - octoprint.server - INFO - Added new permission from plugin pluginmanager: PLUGIN_PLUGINMANAGER_MANAGE (needs: "Need(method='role', value='plugin_pluginmanager_manage')")
2022-05-02 02:22:44,806 - octoprint.server - INFO - Added new permission from plugin pluginmanager: PLUGIN_PLUGINMANAGER_INSTALL (needs: "Need(method='role', value='plugin_pluginmanager_install'), Need(method='role', value='plugin_pluginmanager_manage')")
2022-05-02 02:22:44,808 - octoprint.server - INFO - Added new permission from plugin softwareupdate: PLUGIN_SOFTWAREUPDATE_CHECK (needs: "Need(method='role', value='plugin_softwareupdate_check')")
2022-05-02 02:22:44,809 - octoprint.server - INFO - Added new permission from plugin softwareupdate: PLUGIN_SOFTWAREUPDATE_UPDATE (needs: "Need(method='role', value='plugin_softwareupdate_update')")
2022-05-02 02:22:44,811 - octoprint.server - INFO - Added new permission from plugin softwareupdate: PLUGIN_SOFTWAREUPDATE_CONFIGURE (needs: "Need(method='role', value='plugin_softwareupdate_configure')")
2022-05-02 02:24:12,646 - octoprint.startup - INFO - ******************************************************************************
2022-05-02 02:24:12,649 - octoprint.startup - INFO - Starting OctoPrint 1.7.3
2022-05-02 02:24:12,650 - octoprint.startup - INFO - Starting in SAFE MODE. Third party plugins will be disabled!
2022-05-02 02:24:12,651 - octoprint.startup - INFO - Reason for safe mode: problem during last startup
2022-05-02 02:24:12,651 - octoprint.startup - INFO - ******************************************************************************
2022-05-02 02:24:12,919 - octoprint.util.connectivity.connectivity_checker - INFO - Connectivity state is currently: online
2022-05-02 02:24:12,919 - octoprint.util.connectivity.connectivity_checker - INFO - Connecting to 1.1.1.1:53 is working
2022-05-02 02:24:12,919 - octoprint.util.connectivity.connectivity_checker - INFO - Resolving octoprint.org is working
2022-05-02 02:24:12,961 - octoprint.plugin.core - INFO - Loading plugins from /usr/local/lib/python3.8/site-packages/octoprint/plugins, /octoprint/octoprint/plugins and installed plugin packages...
2022-05-02 02:24:14,113 - octoprint.plugin.core - INFO - Found 18 plugin(s) providing 18 mixin implementations, 38 hook handlers
2022-05-02 02:24:14,149 - octoprint.server.heartbeat - INFO - Starting server heartbeat, 900.0s interval
2022-05-02 02:24:14,159 - octoprint.server - INFO - Intermediary server started
2022-05-02 02:24:14,178 - octoprint.filemanager.storage - INFO - Initializing the file metadata for /octoprint/octoprint/uploads...
2022-05-02 02:24:14,180 - octoprint.filemanager.storage - INFO - ... file metadata for /octoprint/octoprint/uploads initialized successfully.
2022-05-02 02:24:14,185 - octoprint.server - INFO - Added new permission from plugin action_command_notification: PLUGIN_ACTION_COMMAND_NOTIFICATION_SHOW (needs: "Need(method='role', value='plugin_action_command_notification_show')")
2022-05-02 02:24:14,185 - octoprint.server - INFO - Added new permission from plugin action_command_notification: PLUGIN_ACTION_COMMAND_NOTIFICATION_CLEAR (needs: "Need(method='role', value='plugin_action_command_notification_clear')")
2022-05-02 02:24:14,185 - octoprint.server - INFO - Added new permission from plugin action_command_prompt: PLUGIN_ACTION_COMMAND_PROMPT_INTERACT (needs: "Need(method='role', value='plugin_action_command_prompt_interact')")
2022-05-02 02:24:14,186 - octoprint.server - INFO - Added new permission from plugin announcements: PLUGIN_ANNOUNCEMENTS_READ (needs: "Need(method='role', value='plugin_announcements_read')")
2022-05-02 02:24:14,186 - octoprint.server - INFO - Added new permission from plugin announcements: PLUGIN_ANNOUNCEMENTS_MANAGE (needs: "Need(method='role', value='plugin_announcements_manage'), Need(method='role', value='plugin_announcements_read')")
2022-05-02 02:24:14,187 - octoprint.server - INFO - Added new permission from plugin appkeys: PLUGIN_APPKEYS_ADMIN (needs: "Need(method='role', value='plugin_appkeys_admin')")
2022-05-02 02:24:14,187 - octoprint.server - INFO - Added new permission from plugin backup: PLUGIN_BACKUP_ACCESS (needs: "Need(method='role', value='plugin_backup_access')")
2022-05-02 02:24:14,187 - octoprint.server - INFO - Added new permission from plugin firmware_check: PLUGIN_FIRMWARE_CHECK_DISPLAY (needs: "Need(method='role', value='plugin_firmware_check_display')")
2022-05-02 02:24:14,188 - octoprint.server - INFO - Added new permission from plugin logging: PLUGIN_LOGGING_MANAGE (needs: "Need(method='role', value='plugin_logging_manage')")
2022-05-02 02:24:14,188 - octoprint.server - INFO - Added new permission from plugin pi_support: PLUGIN_PI_SUPPORT_STATUS (needs: "Need(method='role', value='plugin_pi_support_check')")
2022-05-02 02:24:14,194 - octoprint.server - INFO - Added new permission from plugin pluginmanager: PLUGIN_PLUGINMANAGER_MANAGE (needs: "Need(method='role', value='plugin_pluginmanager_manage')")
2022-05-02 02:24:14,196 - octoprint.server - INFO - Added new permission from plugin pluginmanager: PLUGIN_PLUGINMANAGER_INSTALL (needs: "Need(method='role', value='plugin_pluginmanager_manage'), Need(method='role', value='plugin_pluginmanager_install')")
2022-05-02 02:24:14,198 - octoprint.server - INFO - Added new permission from plugin softwareupdate: PLUGIN_SOFTWAREUPDATE_CHECK (needs: "Need(method='role', value='plugin_softwareupdate_check')")
2022-05-02 02:24:14,201 - octoprint.server - INFO - Added new permission from plugin softwareupdate: PLUGIN_SOFTWAREUPDATE_UPDATE (needs: "Need(method='role', value='plugin_softwareupdate_update')")
2022-05-02 02:24:14,203 - octoprint.server - INFO - Added new permission from plugin softwareupdate: PLUGIN_SOFTWAREUPDATE_CONFIGURE (needs: "Need(method='role', value='plugin_softwareupdate_configure')")
2022-05-02 02:24:15,271 - octoprint.util.pip - INFO - Using "/usr/local/bin/python -m pip" as command to invoke pip
2022-05-02 02:24:16,268 - octoprint.util.pip - INFO - Version of pip is 21.2.4
2022-05-02 02:24:16,270 - octoprint.util.pip - INFO - pip installs to /usr/local/lib/python3.8/site-packages (writable -> yes), --user flag needed -> no, virtual env -> no
2022-05-02 02:24:16,271 - octoprint.util.pip - INFO - ==> pip ok -> yes
2022-05-02 02:24:16,323 - octoprint.plugins.softwareupdate - INFO - Loaded version cache from disk
2022-05-02 02:24:16,389 - octoprint.plugin.core - INFO - Initialized 18 plugin implementation(s)
2022-05-02 02:24:16,399 - octoprint.plugin.core - INFO - 18 plugin(s) registered with the system:
|  Action Command Notification Support (bundled) = /usr/local/lib/python3.8/site-packages/octoprint/plugins/action_command_notification
|  Action Command Prompt Support (bundled) = /usr/local/lib/python3.8/site-packages/octoprint/plugins/action_command_prompt
|  Announcement Plugin (bundled) = /usr/local/lib/python3.8/site-packages/octoprint/plugins/announcements
|  Anonymous Usage Tracking (bundled) = /usr/local/lib/python3.8/site-packages/octoprint/plugins/tracking
|  Application Keys Plugin (bundled) = /usr/local/lib/python3.8/site-packages/octoprint/plugins/appkeys
|  Backup & Restore (bundled) = /usr/local/lib/python3.8/site-packages/octoprint/plugins/backup
|  Core Wizard (bundled) = /usr/local/lib/python3.8/site-packages/octoprint/plugins/corewizard
|  Discovery (bundled) = /usr/local/lib/python3.8/site-packages/octoprint/plugins/discovery
|  Error Tracking (bundled) = /usr/local/lib/python3.8/site-packages/octoprint/plugins/errortracking
|  Event Manager (bundled) = /usr/local/lib/python3.8/site-packages/octoprint/plugins/eventmanager
|  File Check (2021.2.23) (bundled) = /usr/local/lib/python3.8/site-packages/octoprint_file_check
|  Firmware Check (2021.10.11) (bundled) = /usr/local/lib/python3.8/site-packages/octoprint_firmware_check
|  GCode Viewer (bundled) = /usr/local/lib/python3.8/site-packages/octoprint/plugins/gcodeviewer
|  Logging (bundled) = /usr/local/lib/python3.8/site-packages/octoprint/plugins/logging
|  Pi Support Plugin (2021.10.28) (bundled) = /usr/local/lib/python3.8/site-packages/octoprint_pi_support
|  Plugin Manager (bundled) = /usr/local/lib/python3.8/site-packages/octoprint/plugins/pluginmanager
|  Software Update (bundled) = /usr/local/lib/python3.8/site-packages/octoprint/plugins/softwareupdate
|  Virtual Printer (bundled) = /usr/local/lib/python3.8/site-packages/octoprint/plugins/virtual_printer
Prefix legend: ! = disabled, # = blacklisted, * = incompatible
2022-05-02 02:24:16,426 - octoprint.environment - INFO - Detected environment is Python 3.8.12 under Linux (linux). Details:
|  hardware:
|    cores: 4
|    freq: 1500.0
|    ram: 3926478848
|  os:
|    bits: 64
|    id: linux
|    platform: linux
|  plugins:
|    pi_support:
|      model: Raspberry Pi 4 Model B Rev 1.1
|      throttle_state: '0x0'
|  python:
|    pip: 21.2.4
|    version: 3.8.12
2022-05-02 02:24:16,436 - octoprint.server - INFO - Reset webasset folder /octoprint/octoprint/generated/webassets...
2022-05-02 02:24:16,439 - octoprint.server - INFO - Reset webasset folder /octoprint/octoprint/generated/.webassets-cache...
2022-05-02 02:24:17,001 - octoprint.server - INFO - Shutting down intermediary server...
2022-05-02 02:24:17,168 - octoprint.server - INFO - Intermediary server shut down
2022-05-02 02:24:17,171 - octoprint.events - INFO - Processing startup event, this is our first event
2022-05-02 02:24:17,172 - octoprint.events - INFO - Adding 1 events to queue that were held back before startup event
2022-05-02 02:24:17,175 - octoprint.filemanager - INFO - Adding backlog items from all storage types to analysis queue...
2022-05-02 02:24:17,179 - octoprint.server.util.watchdog - INFO - Running initial scan on watched folder...
2022-05-02 02:24:17,181 - octoprint.filemanager - INFO - Added 0 items from storage type "local" to analysis queue
2022-05-02 02:24:17,182 - octoprint.server.util.watchdog - INFO - ... initial scan done.
2022-05-02 02:24:18,003 - octoprint.plugins.discovery - INFO - Registered 'OctoPrint instance on 65142db30913._http._tcp.local.' for _http._tcp.local.
2022-05-02 02:24:18,817 - octoprint.plugins.discovery - INFO - Registered 'OctoPrint instance on 65142db30913._octoprint._tcp.local.' for _octoprint._tcp.local.
2022-05-02 02:24:18,828 - octoprint.plugins.discovery - INFO - Registered OctoPrint instance on 65142db30913 for SSDP
2022-05-02 02:24:18,842 - octoprint.server - INFO - Listening on http://0.0.0.0:5000
2022-05-02 02:24:18,905 - octoprint.plugins.pluginmanager - INFO - Loaded plugin repository data from disk, was still valid
2022-05-02 02:24:20,141 - octoprint.util.pip - INFO - Using "/usr/local/bin/python -m pip" as command to invoke pip
2022-05-02 02:24:20,147 - octoprint.util.pip - INFO - pip installs to /usr/local/lib/python3.8/site-packages (writable -> yes), --user flag needed -> no, virtual env -> no
2022-05-02 02:24:20,148 - octoprint.util.pip - INFO - ==> pip ok -> yes
2022-05-02 02:24:20,218 - octoprint.plugins.softwareupdate - INFO - Minimum free storage across all update relevant locations is 106.8GB. That is considered sufficient for updating.
2022-05-02 02:24:20,219 - octoprint.plugins.softwareupdate - INFO - Fetching check overlays from https://plugins.octoprint.org/update_check_overlay.json
2022-05-02 02:24:20,651 - octoprint.plugins.pluginmanager - INFO - Loaded notice data from disk, was still valid
2022-05-02 02:24:22,679 - octoprint.server - INFO - Shutting down...
2022-05-02 02:24:23,208 - octoprint.server - INFO - Calling on_shutdown on plugins
2022-05-02 02:24:23,209 - octoprint.events - INFO - Processing shutdown event, this will be our last event
2022-05-02 02:24:23,210 - octoprint.events - INFO - Event loop shut down
2022-05-02 02:24:23,224 - octoprint.server - INFO - Goodbye!
2022-05-02 02:25:40,157 - octoprint.startup - INFO - ******************************************************************************
2022-05-02 02:25:40,159 - octoprint.startup - INFO - Starting OctoPrint 1.7.3
2022-05-02 02:25:40,161 - octoprint.startup - INFO - ******************************************************************************
2022-05-02 02:25:40,476 - octoprint.util.connectivity.connectivity_checker - INFO - Connectivity state is currently: online
2022-05-02 02:25:40,476 - octoprint.util.connectivity.connectivity_checker - INFO - Connecting to 1.1.1.1:53 is working
2022-05-02 02:25:40,477 - octoprint.util.connectivity.connectivity_checker - INFO - Resolving octoprint.org is working
2022-05-02 02:25:40,527 - octoprint.plugin.core - INFO - Loading plugins from /usr/local/lib/python3.8/site-packages/octoprint/plugins, /octoprint/octoprint/plugins and installed plugin packages...
2022-05-02 02:25:41,806 - octoprint.plugin.core - INFO - Found 18 plugin(s) providing 18 mixin implementations, 38 hook handlers
2022-05-02 02:25:41,876 - octoprint.server.heartbeat - INFO - Starting server heartbeat, 900.0s interval
2022-05-02 02:25:41,887 - octoprint.server - INFO - Intermediary server started
2022-05-02 02:25:41,907 - octoprint.filemanager.storage - INFO - Initializing the file metadata for /octoprint/octoprint/uploads...
2022-05-02 02:25:41,909 - octoprint.filemanager.storage - INFO - ... file metadata for /octoprint/octoprint/uploads initialized successfully.
2022-05-02 02:25:41,913 - octoprint.server - INFO - Added new permission from plugin action_command_notification: PLUGIN_ACTION_COMMAND_NOTIFICATION_SHOW (needs: "Need(method='role', value='plugin_action_command_notification_show')")
2022-05-02 02:25:41,914 - octoprint.server - INFO - Added new permission from plugin action_command_notification: PLUGIN_ACTION_COMMAND_NOTIFICATION_CLEAR (needs: "Need(method='role', value='plugin_action_command_notification_clear')")
2022-05-02 02:25:41,914 - octoprint.server - INFO - Added new permission from plugin action_command_prompt: PLUGIN_ACTION_COMMAND_PROMPT_INTERACT (needs: "Need(method='role', value='plugin_action_command_prompt_interact')")
2022-05-02 02:25:41,915 - octoprint.server - INFO - Added new permission from plugin announcements: PLUGIN_ANNOUNCEMENTS_READ (needs: "Need(method='role', value='plugin_announcements_read')")
2022-05-02 02:25:41,915 - octoprint.server - INFO - Added new permission from plugin announcements: PLUGIN_ANNOUNCEMENTS_MANAGE (needs: "Need(method='role', value='plugin_announcements_manage'), Need(method='role', value='plugin_announcements_read')")
2022-05-02 02:25:41,916 - octoprint.server - INFO - Added new permission from plugin appkeys: PLUGIN_APPKEYS_ADMIN (needs: "Need(method='role', value='plugin_appkeys_admin')")
2022-05-02 02:25:41,916 - octoprint.server - INFO - Added new permission from plugin backup: PLUGIN_BACKUP_ACCESS (needs: "Need(method='role', value='plugin_backup_access')")
2022-05-02 02:25:41,917 - octoprint.server - INFO - Added new permission from plugin firmware_check: PLUGIN_FIRMWARE_CHECK_DISPLAY (needs: "Need(method='role', value='plugin_firmware_check_display')")
2022-05-02 02:25:41,917 - octoprint.server - INFO - Added new permission from plugin logging: PLUGIN_LOGGING_MANAGE (needs: "Need(method='role', value='plugin_logging_manage')")
2022-05-02 02:25:41,930 - octoprint.server - INFO - Added new permission from plugin pi_support: PLUGIN_PI_SUPPORT_STATUS (needs: "Need(method='role', value='plugin_pi_support_check')")
2022-05-02 02:25:41,932 - octoprint.server - INFO - Added new permission from plugin pluginmanager: PLUGIN_PLUGINMANAGER_MANAGE (needs: "Need(method='role', value='plugin_pluginmanager_manage')")
2022-05-02 02:25:41,934 - octoprint.server - INFO - Added new permission from plugin pluginmanager: PLUGIN_PLUGINMANAGER_INSTALL (needs: "Need(method='role', value='plugin_pluginmanager_manage'), Need(method='role', value='plugin_pluginmanager_install')")
2022-05-02 02:25:41,936 - octoprint.server - INFO - Added new permission from plugin softwareupdate: PLUGIN_SOFTWAREUPDATE_CHECK (needs: "Need(method='role', value='plugin_softwareupdate_check')")
2022-05-02 02:25:41,938 - octoprint.server - INFO - Added new permission from plugin softwareupdate: PLUGIN_SOFTWAREUPDATE_UPDATE (needs: "Need(method='role', value='plugin_softwareupdate_update')")
2022-05-02 02:25:41,940 - octoprint.server - INFO - Added new permission from plugin softwareupdate: PLUGIN_SOFTWAREUPDATE_CONFIGURE (needs: "Need(method='role', value='plugin_softwareupdate_configure')")
2022-05-02 02:26:14,061 - octoprint.startup - INFO - ******************************************************************************
2022-05-02 02:26:14,066 - octoprint.startup - INFO - Starting OctoPrint 1.7.3
2022-05-02 02:26:14,068 - octoprint.startup - INFO - Starting in SAFE MODE. Third party plugins will be disabled!
2022-05-02 02:26:14,068 - octoprint.startup - INFO - Reason for safe mode: problem during last startup
2022-05-02 02:26:14,069 - octoprint.startup - INFO - ******************************************************************************
2022-05-02 02:26:14,407 - octoprint.util.connectivity.connectivity_checker - INFO - Connectivity state is currently: online
2022-05-02 02:26:14,407 - octoprint.util.connectivity.connectivity_checker - INFO - Connecting to 1.1.1.1:53 is working
2022-05-02 02:26:14,407 - octoprint.util.connectivity.connectivity_checker - INFO - Resolving octoprint.org is working
2022-05-02 02:26:14,458 - octoprint.plugin.core - INFO - Loading plugins from /usr/local/lib/python3.8/site-packages/octoprint/plugins, /octoprint/octoprint/plugins and installed plugin packages...
2022-05-02 02:26:15,773 - octoprint.plugin.core - INFO - Found 18 plugin(s) providing 18 mixin implementations, 38 hook handlers
2022-05-02 02:26:15,822 - octoprint.server.heartbeat - INFO - Starting server heartbeat, 900.0s interval
2022-05-02 02:26:15,832 - octoprint.server - INFO - Intermediary server started
2022-05-02 02:26:15,853 - octoprint.filemanager.storage - INFO - Initializing the file metadata for /octoprint/octoprint/uploads...
2022-05-02 02:26:15,855 - octoprint.filemanager.storage - INFO - ... file metadata for /octoprint/octoprint/uploads initialized successfully.
2022-05-02 02:26:15,859 - octoprint.server - INFO - Added new permission from plugin action_command_notification: PLUGIN_ACTION_COMMAND_NOTIFICATION_SHOW (needs: "Need(method='role', value='plugin_action_command_notification_show')")
2022-05-02 02:26:15,860 - octoprint.server - INFO - Added new permission from plugin action_command_notification: PLUGIN_ACTION_COMMAND_NOTIFICATION_CLEAR (needs: "Need(method='role', value='plugin_action_command_notification_clear')")
2022-05-02 02:26:15,860 - octoprint.server - INFO - Added new permission from plugin action_command_prompt: PLUGIN_ACTION_COMMAND_PROMPT_INTERACT (needs: "Need(method='role', value='plugin_action_command_prompt_interact')")
2022-05-02 02:26:15,860 - octoprint.server - INFO - Added new permission from plugin announcements: PLUGIN_ANNOUNCEMENTS_READ (needs: "Need(method='role', value='plugin_announcements_read')")
2022-05-02 02:26:15,861 - octoprint.server - INFO - Added new permission from plugin announcements: PLUGIN_ANNOUNCEMENTS_MANAGE (needs: "Need(method='role', value='plugin_announcements_read'), Need(method='role', value='plugin_announcements_manage')")
2022-05-02 02:26:15,861 - octoprint.server - INFO - Added new permission from plugin appkeys: PLUGIN_APPKEYS_ADMIN (needs: "Need(method='role', value='plugin_appkeys_admin')")
2022-05-02 02:26:15,862 - octoprint.server - INFO - Added new permission from plugin backup: PLUGIN_BACKUP_ACCESS (needs: "Need(method='role', value='plugin_backup_access')")
2022-05-02 02:26:15,862 - octoprint.server - INFO - Added new permission from plugin firmware_check: PLUGIN_FIRMWARE_CHECK_DISPLAY (needs: "Need(method='role', value='plugin_firmware_check_display')")
2022-05-02 02:26:15,863 - octoprint.server - INFO - Added new permission from plugin logging: PLUGIN_LOGGING_MANAGE (needs: "Need(method='role', value='plugin_logging_manage')")
2022-05-02 02:26:15,863 - octoprint.server - INFO - Added new permission from plugin pi_support: PLUGIN_PI_SUPPORT_STATUS (needs: "Need(method='role', value='plugin_pi_support_check')")
2022-05-02 02:26:15,869 - octoprint.server - INFO - Added new permission from plugin pluginmanager: PLUGIN_PLUGINMANAGER_MANAGE (needs: "Need(method='role', value='plugin_pluginmanager_manage')")
2022-05-02 02:26:15,871 - octoprint.server - INFO - Added new permission from plugin pluginmanager: PLUGIN_PLUGINMANAGER_INSTALL (needs: "Need(method='role', value='plugin_pluginmanager_install'), Need(method='role', value='plugin_pluginmanager_manage')")
2022-05-02 02:26:15,873 - octoprint.server - INFO - Added new permission from plugin softwareupdate: PLUGIN_SOFTWAREUPDATE_CHECK (needs: "Need(method='role', value='plugin_softwareupdate_check')")
2022-05-02 02:26:15,875 - octoprint.server - INFO - Added new permission from plugin softwareupdate: PLUGIN_SOFTWAREUPDATE_UPDATE (needs: "Need(method='role', value='plugin_softwareupdate_update')")
2022-05-02 02:26:15,877 - octoprint.server - INFO - Added new permission from plugin softwareupdate: PLUGIN_SOFTWAREUPDATE_CONFIGURE (needs: "Need(method='role', value='plugin_softwareupdate_configure')")
2022-05-02 02:26:17,056 - octoprint.util.pip - INFO - Using "/usr/local/bin/python -m pip" as command to invoke pip
2022-05-02 02:26:18,206 - octoprint.util.pip - INFO - Version of pip is 21.2.4
2022-05-02 02:26:18,208 - octoprint.util.pip - INFO - pip installs to /usr/local/lib/python3.8/site-packages (writable -> yes), --user flag needed -> no, virtual env -> no
2022-05-02 02:26:18,209 - octoprint.util.pip - INFO - ==> pip ok -> yes
2022-05-02 02:26:18,275 - octoprint.plugins.softwareupdate - INFO - Loaded version cache from disk
2022-05-02 02:26:18,369 - octoprint.plugin.core - INFO - Initialized 18 plugin implementation(s)
2022-05-02 02:26:18,384 - octoprint.plugin.core - INFO - 18 plugin(s) registered with the system:
|  Action Command Notification Support (bundled) = /usr/local/lib/python3.8/site-packages/octoprint/plugins/action_command_notification
|  Action Command Prompt Support (bundled) = /usr/local/lib/python3.8/site-packages/octoprint/plugins/action_command_prompt
|  Announcement Plugin (bundled) = /usr/local/lib/python3.8/site-packages/octoprint/plugins/announcements
|  Anonymous Usage Tracking (bundled) = /usr/local/lib/python3.8/site-packages/octoprint/plugins/tracking
|  Application Keys Plugin (bundled) = /usr/local/lib/python3.8/site-packages/octoprint/plugins/appkeys
|  Backup & Restore (bundled) = /usr/local/lib/python3.8/site-packages/octoprint/plugins/backup
|  Core Wizard (bundled) = /usr/local/lib/python3.8/site-packages/octoprint/plugins/corewizard
|  Discovery (bundled) = /usr/local/lib/python3.8/site-packages/octoprint/plugins/discovery
|  Error Tracking (bundled) = /usr/local/lib/python3.8/site-packages/octoprint/plugins/errortracking
|  Event Manager (bundled) = /usr/local/lib/python3.8/site-packages/octoprint/plugins/eventmanager
|  File Check (2021.2.23) (bundled) = /usr/local/lib/python3.8/site-packages/octoprint_file_check
|  Firmware Check (2021.10.11) (bundled) = /usr/local/lib/python3.8/site-packages/octoprint_firmware_check
|  GCode Viewer (bundled) = /usr/local/lib/python3.8/site-packages/octoprint/plugins/gcodeviewer
|  Logging (bundled) = /usr/local/lib/python3.8/site-packages/octoprint/plugins/logging
|  Pi Support Plugin (2021.10.28) (bundled) = /usr/local/lib/python3.8/site-packages/octoprint_pi_support
|  Plugin Manager (bundled) = /usr/local/lib/python3.8/site-packages/octoprint/plugins/pluginmanager
|  Software Update (bundled) = /usr/local/lib/python3.8/site-packages/octoprint/plugins/softwareupdate
|  Virtual Printer (bundled) = /usr/local/lib/python3.8/site-packages/octoprint/plugins/virtual_printer
Prefix legend: ! = disabled, # = blacklisted, * = incompatible
2022-05-02 02:26:18,417 - octoprint.environment - INFO - Detected environment is Python 3.8.12 under Linux (linux). Details:
|  hardware:
|    cores: 4
|    freq: 1500.0
|    ram: 3926478848
|  os:
|    bits: 64
|    id: linux
|    platform: linux
|  plugins:
|    pi_support:
|      model: Raspberry Pi 4 Model B Rev 1.1
|      throttle_state: '0x0'
|  python:
|    pip: 21.2.4
|    version: 3.8.12
2022-05-02 02:26:18,425 - octoprint.server - INFO - Reset webasset folder /octoprint/octoprint/generated/webassets...
2022-05-02 02:26:18,427 - octoprint.server - INFO - Reset webasset folder /octoprint/octoprint/generated/.webassets-cache...
2022-05-02 02:26:19,025 - octoprint.server - INFO - Shutting down intermediary server...
2022-05-02 02:26:19,343 - octoprint.server - INFO - Intermediary server shut down
2022-05-02 02:26:19,346 - octoprint.events - INFO - Processing startup event, this is our first event
2022-05-02 02:26:19,347 - octoprint.events - INFO - Adding 1 events to queue that were held back before startup event
2022-05-02 02:26:19,347 - octoprint.filemanager - INFO - Adding backlog items from all storage types to analysis queue...
2022-05-02 02:26:19,353 - octoprint.filemanager - INFO - Added 0 items from storage type "local" to analysis queue
2022-05-02 02:26:19,355 - octoprint.server.util.watchdog - INFO - Running initial scan on watched folder...
2022-05-02 02:26:19,360 - octoprint.server.util.watchdog - INFO - ... initial scan done.
2022-05-02 02:26:20,177 - octoprint.plugins.discovery - INFO - Registered 'OctoPrint instance on 65142db30913._http._tcp.local.' for _http._tcp.local.
2022-05-02 02:26:20,991 - octoprint.plugins.discovery - INFO - Registered 'OctoPrint instance on 65142db30913._octoprint._tcp.local.' for _octoprint._tcp.local.
2022-05-02 02:26:21,001 - octoprint.plugins.discovery - INFO - Registered OctoPrint instance on 65142db30913 for SSDP
2022-05-02 02:26:21,016 - octoprint.server - INFO - Listening on http://0.0.0.0:5000
2022-05-02 02:26:21,079 - octoprint.plugins.pluginmanager - INFO - Loaded plugin repository data from disk, was still valid
2022-05-02 02:26:22,262 - octoprint.util.pip - INFO - Using "/usr/local/bin/python -m pip" as command to invoke pip
2022-05-02 02:26:22,289 - octoprint.util.pip - INFO - pip installs to /usr/local/lib/python3.8/site-packages (writable -> yes), --user flag needed -> no, virtual env -> no
2022-05-02 02:26:22,290 - octoprint.util.pip - INFO - ==> pip ok -> yes
2022-05-02 02:26:22,301 - octoprint.plugins.softwareupdate - INFO - Minimum free storage across all update relevant locations is 106.7GB. That is considered sufficient for updating.
2022-05-02 02:26:22,301 - octoprint.plugins.softwareupdate - INFO - Fetching check overlays from https://plugins.octoprint.org/update_check_overlay.json
2022-05-02 02:26:22,882 - octoprint.plugins.pluginmanager - INFO - Loaded notice data from disk, was still valid
2022-05-02 02:26:40,944 - octoprint.server - INFO - Shutting down...
2022-05-02 02:26:41,380 - octoprint.server - INFO - Calling on_shutdown on plugins
2022-05-02 02:26:41,381 - octoprint.events - INFO - Processing shutdown event, this will be our last event
2022-05-02 02:26:41,382 - octoprint.events - INFO - Event loop shut down
2022-05-02 02:26:41,395 - octoprint.server - INFO - Goodbye!
2022-05-02 02:27:33,622 - octoprint.startup - INFO - ******************************************************************************
2022-05-02 02:27:33,624 - octoprint.startup - INFO - Starting OctoPrint 1.7.3
2022-05-02 02:27:33,626 - octoprint.startup - INFO - ******************************************************************************
2022-05-02 02:27:33,952 - octoprint.util.connectivity.connectivity_checker - INFO - Connectivity state is currently: online
2022-05-02 02:27:33,952 - octoprint.util.connectivity.connectivity_checker - INFO - Connecting to 1.1.1.1:53 is working
2022-05-02 02:27:33,952 - octoprint.util.connectivity.connectivity_checker - INFO - Resolving octoprint.org is working
2022-05-02 02:27:34,015 - octoprint.plugin.core - INFO - Loading plugins from /usr/local/lib/python3.8/site-packages/octoprint/plugins, /octoprint/octoprint/plugins and installed plugin packages...
2022-05-02 02:27:35,239 - octoprint.plugin.core - INFO - Found 18 plugin(s) providing 18 mixin implementations, 38 hook handlers
2022-05-02 02:27:35,300 - octoprint.server.heartbeat - INFO - Starting server heartbeat, 900.0s interval
2022-05-02 02:27:35,319 - octoprint.server - INFO - Intermediary server started
2022-05-02 02:27:35,344 - octoprint.filemanager.storage - INFO - Initializing the file metadata for /octoprint/octoprint/uploads...
2022-05-02 02:27:35,347 - octoprint.filemanager.storage - INFO - ... file metadata for /octoprint/octoprint/uploads initialized successfully.
2022-05-02 02:27:35,352 - octoprint.server - INFO - Added new permission from plugin action_command_notification: PLUGIN_ACTION_COMMAND_NOTIFICATION_SHOW (needs: "Need(method='role', value='plugin_action_command_notification_show')")
2022-05-02 02:27:35,352 - octoprint.server - INFO - Added new permission from plugin action_command_notification: PLUGIN_ACTION_COMMAND_NOTIFICATION_CLEAR (needs: "Need(method='role', value='plugin_action_command_notification_clear')")
2022-05-02 02:27:35,357 - octoprint.server - INFO - Added new permission from plugin action_command_prompt: PLUGIN_ACTION_COMMAND_PROMPT_INTERACT (needs: "Need(method='role', value='plugin_action_command_prompt_interact')")
2022-05-02 02:27:35,358 - octoprint.server - INFO - Added new permission from plugin announcements: PLUGIN_ANNOUNCEMENTS_READ (needs: "Need(method='role', value='plugin_announcements_read')")
2022-05-02 02:27:35,363 - octoprint.server - INFO - Added new permission from plugin announcements: PLUGIN_ANNOUNCEMENTS_MANAGE (needs: "Need(method='role', value='plugin_announcements_manage'), Need(method='role', value='plugin_announcements_read')")
2022-05-02 02:27:35,365 - octoprint.server - INFO - Added new permission from plugin appkeys: PLUGIN_APPKEYS_ADMIN (needs: "Need(method='role', value='plugin_appkeys_admin')")
2022-05-02 02:27:35,368 - octoprint.server - INFO - Added new permission from plugin backup: PLUGIN_BACKUP_ACCESS (needs: "Need(method='role', value='plugin_backup_access')")
2022-05-02 02:27:35,371 - octoprint.server - INFO - Added new permission from plugin firmware_check: PLUGIN_FIRMWARE_CHECK_DISPLAY (needs: "Need(method='role', value='plugin_firmware_check_display')")
2022-05-02 02:27:35,371 - octoprint.server - INFO - Added new permission from plugin logging: PLUGIN_LOGGING_MANAGE (needs: "Need(method='role', value='plugin_logging_manage')")
2022-05-02 02:27:35,372 - octoprint.server - INFO - Added new permission from plugin pi_support: PLUGIN_PI_SUPPORT_STATUS (needs: "Need(method='role', value='plugin_pi_support_check')")
2022-05-02 02:27:35,372 - octoprint.server - INFO - Added new permission from plugin pluginmanager: PLUGIN_PLUGINMANAGER_MANAGE (needs: "Need(method='role', value='plugin_pluginmanager_manage')")
2022-05-02 02:27:35,373 - octoprint.server - INFO - Added new permission from plugin pluginmanager: PLUGIN_PLUGINMANAGER_INSTALL (needs: "Need(method='role', value='plugin_pluginmanager_manage'), Need(method='role', value='plugin_pluginmanager_install')")
2022-05-02 02:27:35,373 - octoprint.server - INFO - Added new permission from plugin softwareupdate: PLUGIN_SOFTWAREUPDATE_CHECK (needs: "Need(method='role', value='plugin_softwareupdate_check')")
2022-05-02 02:27:35,374 - octoprint.server - INFO - Added new permission from plugin softwareupdate: PLUGIN_SOFTWAREUPDATE_UPDATE (needs: "Need(method='role', value='plugin_softwareupdate_update')")
2022-05-02 02:27:35,374 - octoprint.server - INFO - Added new permission from plugin softwareupdate: PLUGIN_SOFTWAREUPDATE_CONFIGURE (needs: "Need(method='role', value='plugin_softwareupdate_configure')")
2022-05-02 02:27:36,532 - octoprint.util.pip - INFO - Using "/usr/local/bin/python -m pip" as command to invoke pip
2022-05-02 02:27:37,761 - octoprint.util.pip - INFO - Version of pip is 21.2.4
2022-05-02 02:27:37,763 - octoprint.util.pip - INFO - pip installs to /usr/local/lib/python3.8/site-packages (writable -> yes), --user flag needed -> no, virtual env -> no
2022-05-02 02:27:37,764 - octoprint.util.pip - INFO - ==> pip ok -> yes
2022-05-02 02:27:37,839 - octoprint.plugins.softwareupdate - INFO - Loaded version cache from disk
2022-05-02 02:27:37,913 - octoprint.plugin.core - INFO - Initialized 18 plugin implementation(s)
2022-05-02 02:27:37,922 - octoprint.plugin.core - INFO - 18 plugin(s) registered with the system:
|  Action Command Notification Support (bundled) = /usr/local/lib/python3.8/site-packages/octoprint/plugins/action_command_notification
|  Action Command Prompt Support (bundled) = /usr/local/lib/python3.8/site-packages/octoprint/plugins/action_command_prompt
|  Announcement Plugin (bundled) = /usr/local/lib/python3.8/site-packages/octoprint/plugins/announcements
|  Anonymous Usage Tracking (bundled) = /usr/local/lib/python3.8/site-packages/octoprint/plugins/tracking
|  Application Keys Plugin (bundled) = /usr/local/lib/python3.8/site-packages/octoprint/plugins/appkeys
|  Backup & Restore (bundled) = /usr/local/lib/python3.8/site-packages/octoprint/plugins/backup
|  Core Wizard (bundled) = /usr/local/lib/python3.8/site-packages/octoprint/plugins/corewizard
|  Discovery (bundled) = /usr/local/lib/python3.8/site-packages/octoprint/plugins/discovery
|  Error Tracking (bundled) = /usr/local/lib/python3.8/site-packages/octoprint/plugins/errortracking
|  Event Manager (bundled) = /usr/local/lib/python3.8/site-packages/octoprint/plugins/eventmanager
|  File Check (2021.2.23) (bundled) = /usr/local/lib/python3.8/site-packages/octoprint_file_check
|  Firmware Check (2021.10.11) (bundled) = /usr/local/lib/python3.8/site-packages/octoprint_firmware_check
|  GCode Viewer (bundled) = /usr/local/lib/python3.8/site-packages/octoprint/plugins/gcodeviewer
|  Logging (bundled) = /usr/local/lib/python3.8/site-packages/octoprint/plugins/logging
|  Pi Support Plugin (2021.10.28) (bundled) = /usr/local/lib/python3.8/site-packages/octoprint_pi_support
|  Plugin Manager (bundled) = /usr/local/lib/python3.8/site-packages/octoprint/plugins/pluginmanager
|  Software Update (bundled) = /usr/local/lib/python3.8/site-packages/octoprint/plugins/softwareupdate
|  Virtual Printer (bundled) = /usr/local/lib/python3.8/site-packages/octoprint/plugins/virtual_printer
Prefix legend: ! = disabled, # = blacklisted, * = incompatible
2022-05-02 02:27:37,948 - octoprint.environment - INFO - Detected environment is Python 3.8.12 under Linux (linux). Details:
|  hardware:
|    cores: 4
|    freq: 1500.0
|    ram: 3926478848
|  os:
|    bits: 64
|    id: linux
|    platform: linux
|  plugins:
|    pi_support:
|      model: Raspberry Pi 4 Model B Rev 1.1
|      throttle_state: '0x0'
|  python:
|    pip: 21.2.4
|    version: 3.8.12
2022-05-02 02:27:37,956 - octoprint.server - INFO - Reset webasset folder /octoprint/octoprint/generated/webassets...
2022-05-02 02:27:37,957 - octoprint.server - INFO - Reset webasset folder /octoprint/octoprint/generated/.webassets-cache...
2022-05-02 02:27:38,555 - octoprint.server - INFO - Shutting down intermediary server...
2022-05-02 02:27:38,748 - octoprint.server - INFO - Intermediary server shut down
2022-05-02 02:27:38,751 - octoprint.events - INFO - Processing startup event, this is our first event
2022-05-02 02:27:38,752 - octoprint.events - INFO - Adding 1 events to queue that were held back before startup event
2022-05-02 02:27:38,753 - octoprint.filemanager - INFO - Adding backlog items from all storage types to analysis queue...
2022-05-02 02:27:38,760 - octoprint.server.util.watchdog - INFO - Running initial scan on watched folder...
2022-05-02 02:27:38,765 - octoprint.server.util.watchdog - INFO - ... initial scan done.
2022-05-02 02:27:38,766 - octoprint.filemanager - INFO - Added 0 items from storage type "local" to analysis queue
2022-05-02 02:27:39,590 - octoprint.plugins.discovery - INFO - Registered 'OctoPrint instance on 65142db30913._http._tcp.local.' for _http._tcp.local.
2022-05-02 02:27:40,405 - octoprint.plugins.discovery - INFO - Registered 'OctoPrint instance on 65142db30913._octoprint._tcp.local.' for _octoprint._tcp.local.
2022-05-02 02:27:40,410 - octoprint.plugins.discovery - INFO - Registered OctoPrint instance on 65142db30913 for SSDP
2022-05-02 02:27:40,429 - octoprint.server - INFO - Listening on http://0.0.0.0:5000
2022-05-02 02:27:40,518 - octoprint.plugins.pluginmanager - INFO - Loaded plugin repository data from disk, was still valid
2022-05-02 02:27:41,822 - octoprint.util.pip - INFO - Using "/usr/local/bin/python -m pip" as command to invoke pip
2022-05-02 02:27:41,828 - octoprint.util.pip - INFO - pip installs to /usr/local/lib/python3.8/site-packages (writable -> yes), --user flag needed -> no, virtual env -> no
2022-05-02 02:27:41,829 - octoprint.util.pip - INFO - ==> pip ok -> yes
2022-05-02 02:27:41,896 - octoprint.plugins.softwareupdate - INFO - Minimum free storage across all update relevant locations is 106.7GB. That is considered sufficient for updating.
2022-05-02 02:27:41,896 - octoprint.plugins.softwareupdate - INFO - Fetching check overlays from https://plugins.octoprint.org/update_check_overlay.json
2022-05-02 02:27:42,556 - octoprint.plugins.pluginmanager - INFO - Loaded notice data from disk, was still valid
2022-05-02 02:27:42,924 - octoprint.server - INFO - Shutting down...
2022-05-02 02:27:43,822 - octoprint.server - INFO - Calling on_shutdown on plugins
2022-05-02 02:27:43,823 - octoprint.events - INFO - Processing shutdown event, this will be our last event
2022-05-02 02:27:43,823 - octoprint.events - INFO - Event loop shut down
2022-05-02 02:27:43,837 - octoprint.server - INFO - Goodbye!
2022-05-02 02:28:56,286 - octoprint.startup - INFO - ******************************************************************************
2022-05-02 02:28:56,288 - octoprint.startup - INFO - Starting OctoPrint 1.7.3
2022-05-02 02:28:56,290 - octoprint.startup - INFO - ******************************************************************************
2022-05-02 02:28:56,614 - octoprint.util.connectivity.connectivity_checker - INFO - Connectivity state is currently: online
2022-05-02 02:28:56,614 - octoprint.util.connectivity.connectivity_checker - INFO - Connecting to 1.1.1.1:53 is working
2022-05-02 02:28:56,615 - octoprint.util.connectivity.connectivity_checker - INFO - Resolving octoprint.org is working
2022-05-02 02:28:56,665 - octoprint.plugin.core - INFO - Loading plugins from /usr/local/lib/python3.8/site-packages/octoprint/plugins, /octoprint/octoprint/plugins and installed plugin packages...
2022-05-02 02:28:57,984 - octoprint.plugin.core - INFO - Found 18 plugin(s) providing 18 mixin implementations, 38 hook handlers
2022-05-02 02:28:58,045 - octoprint.server.heartbeat - INFO - Starting server heartbeat, 900.0s interval
2022-05-02 02:28:58,063 - octoprint.server - INFO - Intermediary server started
2022-05-02 02:28:58,091 - octoprint.filemanager.storage - INFO - Initializing the file metadata for /octoprint/octoprint/uploads...
2022-05-02 02:28:58,093 - octoprint.filemanager.storage - INFO - ... file metadata for /octoprint/octoprint/uploads initialized successfully.
2022-05-02 02:28:58,099 - octoprint.server - INFO - Added new permission from plugin action_command_notification: PLUGIN_ACTION_COMMAND_NOTIFICATION_SHOW (needs: "Need(method='role', value='plugin_action_command_notification_show')")
2022-05-02 02:28:58,100 - octoprint.server - INFO - Added new permission from plugin action_command_notification: PLUGIN_ACTION_COMMAND_NOTIFICATION_CLEAR (needs: "Need(method='role', value='plugin_action_command_notification_clear')")
2022-05-02 02:28:58,105 - octoprint.server - INFO - Added new permission from plugin action_command_prompt: PLUGIN_ACTION_COMMAND_PROMPT_INTERACT (needs: "Need(method='role', value='plugin_action_command_prompt_interact')")
2022-05-02 02:28:58,107 - octoprint.server - INFO - Added new permission from plugin announcements: PLUGIN_ANNOUNCEMENTS_READ (needs: "Need(method='role', value='plugin_announcements_read')")
2022-05-02 02:28:58,108 - octoprint.server - INFO - Added new permission from plugin announcements: PLUGIN_ANNOUNCEMENTS_MANAGE (needs: "Need(method='role', value='plugin_announcements_manage'), Need(method='role', value='plugin_announcements_read')")
2022-05-02 02:28:58,110 - octoprint.server - INFO - Added new permission from plugin appkeys: PLUGIN_APPKEYS_ADMIN (needs: "Need(method='role', value='plugin_appkeys_admin')")
2022-05-02 02:28:58,112 - octoprint.server - INFO - Added new permission from plugin backup: PLUGIN_BACKUP_ACCESS (needs: "Need(method='role', value='plugin_backup_access')")
2022-05-02 02:28:58,113 - octoprint.server - INFO - Added new permission from plugin firmware_check: PLUGIN_FIRMWARE_CHECK_DISPLAY (needs: "Need(method='role', value='plugin_firmware_check_display')")
2022-05-02 02:28:58,115 - octoprint.server - INFO - Added new permission from plugin logging: PLUGIN_LOGGING_MANAGE (needs: "Need(method='role', value='plugin_logging_manage')")
2022-05-02 02:28:58,118 - octoprint.server - INFO - Added new permission from plugin pi_support: PLUGIN_PI_SUPPORT_STATUS (needs: "Need(method='role', value='plugin_pi_support_check')")
2022-05-02 02:28:58,120 - octoprint.server - INFO - Added new permission from plugin pluginmanager: PLUGIN_PLUGINMANAGER_MANAGE (needs: "Need(method='role', value='plugin_pluginmanager_manage')")
2022-05-02 02:28:58,121 - octoprint.server - INFO - Added new permission from plugin pluginmanager: PLUGIN_PLUGINMANAGER_INSTALL (needs: "Need(method='role', value='plugin_pluginmanager_install'), Need(method='role', value='plugin_pluginmanager_manage')")
2022-05-02 02:28:58,123 - octoprint.server - INFO - Added new permission from plugin softwareupdate: PLUGIN_SOFTWAREUPDATE_CHECK (needs: "Need(method='role', value='plugin_softwareupdate_check')")
2022-05-02 02:28:58,125 - octoprint.server - INFO - Added new permission from plugin softwareupdate: PLUGIN_SOFTWAREUPDATE_UPDATE (needs: "Need(method='role', value='plugin_softwareupdate_update')")
2022-05-02 02:28:58,127 - octoprint.server - INFO - Added new permission from plugin softwareupdate: PLUGIN_SOFTWAREUPDATE_CONFIGURE (needs: "Need(method='role', value='plugin_softwareupdate_configure')")
2022-05-02 02:28:59,311 - octoprint.util.pip - INFO - Using "/usr/local/bin/python -m pip" as command to invoke pip
2022-05-02 02:34:31,943 - octoprint.startup - INFO - ******************************************************************************
2022-05-02 02:34:31,946 - octoprint.startup - INFO - Starting OctoPrint 1.7.3
2022-05-02 02:34:31,947 - octoprint.startup - INFO - Starting in SAFE MODE. Third party plugins will be disabled!
2022-05-02 02:34:31,947 - octoprint.startup - INFO - Reason for safe mode: problem during last startup
2022-05-02 02:34:31,948 - octoprint.startup - INFO - ******************************************************************************
2022-05-02 02:34:32,270 - octoprint.util.connectivity.connectivity_checker - INFO - Connectivity state is currently: online
2022-05-02 02:34:32,271 - octoprint.util.connectivity.connectivity_checker - INFO - Connecting to 1.1.1.1:53 is working
2022-05-02 02:34:32,271 - octoprint.util.connectivity.connectivity_checker - INFO - Resolving octoprint.org is working
2022-05-02 02:34:32,319 - octoprint.plugin.core - INFO - Loading plugins from /usr/local/lib/python3.8/site-packages/octoprint/plugins, /octoprint/octoprint/plugins and installed plugin packages...
2022-05-02 02:34:33,582 - octoprint.plugin.core - INFO - Found 18 plugin(s) providing 18 mixin implementations, 38 hook handlers
2022-05-02 02:34:33,618 - octoprint.server.heartbeat - INFO - Starting server heartbeat, 900.0s interval
2022-05-02 02:34:33,640 - octoprint.server - INFO - Intermediary server started
2022-05-02 02:34:33,666 - octoprint.filemanager.storage - INFO - Initializing the file metadata for /octoprint/octoprint/uploads...
2022-05-02 02:34:33,669 - octoprint.filemanager.storage - INFO - ... file metadata for /octoprint/octoprint/uploads initialized successfully.
2022-05-02 02:34:33,673 - octoprint.server - INFO - Added new permission from plugin action_command_notification: PLUGIN_ACTION_COMMAND_NOTIFICATION_SHOW (needs: "Need(method='role', value='plugin_action_command_notification_show')")
2022-05-02 02:34:33,673 - octoprint.server - INFO - Added new permission from plugin action_command_notification: PLUGIN_ACTION_COMMAND_NOTIFICATION_CLEAR (needs: "Need(method='role', value='plugin_action_command_notification_clear')")
2022-05-02 02:34:33,674 - octoprint.server - INFO - Added new permission from plugin action_command_prompt: PLUGIN_ACTION_COMMAND_PROMPT_INTERACT (needs: "Need(method='role', value='plugin_action_command_prompt_interact')")
2022-05-02 02:34:33,675 - octoprint.server - INFO - Added new permission from plugin announcements: PLUGIN_ANNOUNCEMENTS_READ (needs: "Need(method='role', value='plugin_announcements_read')")
2022-05-02 02:34:33,687 - octoprint.server - INFO - Added new permission from plugin announcements: PLUGIN_ANNOUNCEMENTS_MANAGE (needs: "Need(method='role', value='plugin_announcements_manage'), Need(method='role', value='plugin_announcements_read')")
2022-05-02 02:34:33,688 - octoprint.server - INFO - Added new permission from plugin appkeys: PLUGIN_APPKEYS_ADMIN (needs: "Need(method='role', value='plugin_appkeys_admin')")
2022-05-02 02:34:33,688 - octoprint.server - INFO - Added new permission from plugin backup: PLUGIN_BACKUP_ACCESS (needs: "Need(method='role', value='plugin_backup_access')")
2022-05-02 02:34:33,689 - octoprint.server - INFO - Added new permission from plugin firmware_check: PLUGIN_FIRMWARE_CHECK_DISPLAY (needs: "Need(method='role', value='plugin_firmware_check_display')")
2022-05-02 02:34:33,690 - octoprint.server - INFO - Added new permission from plugin logging: PLUGIN_LOGGING_MANAGE (needs: "Need(method='role', value='plugin_logging_manage')")
2022-05-02 02:34:33,690 - octoprint.server - INFO - Added new permission from plugin pi_support: PLUGIN_PI_SUPPORT_STATUS (needs: "Need(method='role', value='plugin_pi_support_check')")
2022-05-02 02:34:33,691 - octoprint.server - INFO - Added new permission from plugin pluginmanager: PLUGIN_PLUGINMANAGER_MANAGE (needs: "Need(method='role', value='plugin_pluginmanager_manage')")
2022-05-02 02:34:33,692 - octoprint.server - INFO - Added new permission from plugin pluginmanager: PLUGIN_PLUGINMANAGER_INSTALL (needs: "Need(method='role', value='plugin_pluginmanager_manage'), Need(method='role', value='plugin_pluginmanager_install')")
2022-05-02 02:34:33,698 - octoprint.server - INFO - Added new permission from plugin softwareupdate: PLUGIN_SOFTWAREUPDATE_CHECK (needs: "Need(method='role', value='plugin_softwareupdate_check')")
2022-05-02 02:34:33,698 - octoprint.server - INFO - Added new permission from plugin softwareupdate: PLUGIN_SOFTWAREUPDATE_UPDATE (needs: "Need(method='role', value='plugin_softwareupdate_update')")
2022-05-02 02:34:33,699 - octoprint.server - INFO - Added new permission from plugin softwareupdate: PLUGIN_SOFTWAREUPDATE_CONFIGURE (needs: "Need(method='role', value='plugin_softwareupdate_configure')")
2022-05-02 02:35:53,052 - octoprint.startup - INFO - ******************************************************************************
2022-05-02 02:35:53,055 - octoprint.startup - INFO - Starting OctoPrint 1.7.3
2022-05-02 02:35:53,056 - octoprint.startup - INFO - Starting in SAFE MODE. Third party plugins will be disabled!
2022-05-02 02:35:53,056 - octoprint.startup - INFO - Reason for safe mode: problem during last startup
2022-05-02 02:35:53,056 - octoprint.startup - INFO - ******************************************************************************
2022-05-02 02:35:53,323 - octoprint.util.connectivity.connectivity_checker - INFO - Connectivity state is currently: online
2022-05-02 02:35:53,323 - octoprint.util.connectivity.connectivity_checker - INFO - Connecting to 1.1.1.1:53 is working
2022-05-02 02:35:53,323 - octoprint.util.connectivity.connectivity_checker - INFO - Resolving octoprint.org is working
2022-05-02 02:35:53,365 - octoprint.plugin.core - INFO - Loading plugins from /usr/local/lib/python3.8/site-packages/octoprint/plugins, /octoprint/octoprint/plugins and installed plugin packages...
2022-05-02 02:35:54,510 - octoprint.plugin.core - INFO - Found 18 plugin(s) providing 18 mixin implementations, 38 hook handlers
2022-05-02 02:35:54,546 - octoprint.server.heartbeat - INFO - Starting server heartbeat, 900.0s interval
2022-05-02 02:35:54,556 - octoprint.server - INFO - Intermediary server started
2022-05-02 02:35:54,576 - octoprint.filemanager.storage - INFO - Initializing the file metadata for /octoprint/octoprint/uploads...
2022-05-02 02:35:54,578 - octoprint.filemanager.storage - INFO - ... file metadata for /octoprint/octoprint/uploads initialized successfully.
2022-05-02 02:35:54,582 - octoprint.server - INFO - Added new permission from plugin action_command_notification: PLUGIN_ACTION_COMMAND_NOTIFICATION_SHOW (needs: "Need(method='role', value='plugin_action_command_notification_show')")
2022-05-02 02:35:54,582 - octoprint.server - INFO - Added new permission from plugin action_command_notification: PLUGIN_ACTION_COMMAND_NOTIFICATION_CLEAR (needs: "Need(method='role', value='plugin_action_command_notification_clear')")
2022-05-02 02:35:54,582 - octoprint.server - INFO - Added new permission from plugin action_command_prompt: PLUGIN_ACTION_COMMAND_PROMPT_INTERACT (needs: "Need(method='role', value='plugin_action_command_prompt_interact')")
2022-05-02 02:35:54,583 - octoprint.server - INFO - Added new permission from plugin announcements: PLUGIN_ANNOUNCEMENTS_READ (needs: "Need(method='role', value='plugin_announcements_read')")
2022-05-02 02:35:54,583 - octoprint.server - INFO - Added new permission from plugin announcements: PLUGIN_ANNOUNCEMENTS_MANAGE (needs: "Need(method='role', value='plugin_announcements_manage'), Need(method='role', value='plugin_announcements_read')")
2022-05-02 02:35:54,584 - octoprint.server - INFO - Added new permission from plugin appkeys: PLUGIN_APPKEYS_ADMIN (needs: "Need(method='role', value='plugin_appkeys_admin')")
2022-05-02 02:35:54,584 - octoprint.server - INFO - Added new permission from plugin backup: PLUGIN_BACKUP_ACCESS (needs: "Need(method='role', value='plugin_backup_access')")
2022-05-02 02:35:54,584 - octoprint.server - INFO - Added new permission from plugin firmware_check: PLUGIN_FIRMWARE_CHECK_DISPLAY (needs: "Need(method='role', value='plugin_firmware_check_display')")
2022-05-02 02:35:54,585 - octoprint.server - INFO - Added new permission from plugin logging: PLUGIN_LOGGING_MANAGE (needs: "Need(method='role', value='plugin_logging_manage')")
2022-05-02 02:35:54,585 - octoprint.server - INFO - Added new permission from plugin pi_support: PLUGIN_PI_SUPPORT_STATUS (needs: "Need(method='role', value='plugin_pi_support_check')")
2022-05-02 02:35:54,595 - octoprint.server - INFO - Added new permission from plugin pluginmanager: PLUGIN_PLUGINMANAGER_MANAGE (needs: "Need(method='role', value='plugin_pluginmanager_manage')")
2022-05-02 02:35:54,597 - octoprint.server - INFO - Added new permission from plugin pluginmanager: PLUGIN_PLUGINMANAGER_INSTALL (needs: "Need(method='role', value='plugin_pluginmanager_install'), Need(method='role', value='plugin_pluginmanager_manage')")
2022-05-02 02:35:54,599 - octoprint.server - INFO - Added new permission from plugin softwareupdate: PLUGIN_SOFTWAREUPDATE_CHECK (needs: "Need(method='role', value='plugin_softwareupdate_check')")
2022-05-02 02:35:54,600 - octoprint.server - INFO - Added new permission from plugin softwareupdate: PLUGIN_SOFTWAREUPDATE_UPDATE (needs: "Need(method='role', value='plugin_softwareupdate_update')")
2022-05-02 02:35:54,602 - octoprint.server - INFO - Added new permission from plugin softwareupdate: PLUGIN_SOFTWAREUPDATE_CONFIGURE (needs: "Need(method='role', value='plugin_softwareupdate_configure')")
2022-05-02 02:35:55,676 - octoprint.util.pip - INFO - Using "/usr/local/bin/python -m pip" as command to invoke pip
2022-05-02 02:35:56,692 - octoprint.util.pip - INFO - Version of pip is 21.2.4
2022-05-02 02:35:56,694 - octoprint.util.pip - INFO - pip installs to /usr/local/lib/python3.8/site-packages (writable -> yes), --user flag needed -> no, virtual env -> no
2022-05-02 02:35:56,694 - octoprint.util.pip - INFO - ==> pip ok -> yes
2022-05-02 02:35:56,745 - octoprint.plugins.softwareupdate - INFO - Loaded version cache from disk
2022-05-02 02:35:56,812 - octoprint.plugin.core - INFO - Initialized 18 plugin implementation(s)
2022-05-02 02:35:56,821 - octoprint.plugin.core - INFO - 18 plugin(s) registered with the system:
|  Action Command Notification Support (bundled) = /usr/local/lib/python3.8/site-packages/octoprint/plugins/action_command_notification
|  Action Command Prompt Support (bundled) = /usr/local/lib/python3.8/site-packages/octoprint/plugins/action_command_prompt
|  Announcement Plugin (bundled) = /usr/local/lib/python3.8/site-packages/octoprint/plugins/announcements
|  Anonymous Usage Tracking (bundled) = /usr/local/lib/python3.8/site-packages/octoprint/plugins/tracking
|  Application Keys Plugin (bundled) = /usr/local/lib/python3.8/site-packages/octoprint/plugins/appkeys
|  Backup & Restore (bundled) = /usr/local/lib/python3.8/site-packages/octoprint/plugins/backup
|  Core Wizard (bundled) = /usr/local/lib/python3.8/site-packages/octoprint/plugins/corewizard
|  Discovery (bundled) = /usr/local/lib/python3.8/site-packages/octoprint/plugins/discovery
|  Error Tracking (bundled) = /usr/local/lib/python3.8/site-packages/octoprint/plugins/errortracking
|  Event Manager (bundled) = /usr/local/lib/python3.8/site-packages/octoprint/plugins/eventmanager
|  File Check (2021.2.23) (bundled) = /usr/local/lib/python3.8/site-packages/octoprint_file_check
|  Firmware Check (2021.10.11) (bundled) = /usr/local/lib/python3.8/site-packages/octoprint_firmware_check
|  GCode Viewer (bundled) = /usr/local/lib/python3.8/site-packages/octoprint/plugins/gcodeviewer
|  Logging (bundled) = /usr/local/lib/python3.8/site-packages/octoprint/plugins/logging
|  Pi Support Plugin (2021.10.28) (bundled) = /usr/local/lib/python3.8/site-packages/octoprint_pi_support
|  Plugin Manager (bundled) = /usr/local/lib/python3.8/site-packages/octoprint/plugins/pluginmanager
|  Software Update (bundled) = /usr/local/lib/python3.8/site-packages/octoprint/plugins/softwareupdate
|  Virtual Printer (bundled) = /usr/local/lib/python3.8/site-packages/octoprint/plugins/virtual_printer
Prefix legend: ! = disabled, # = blacklisted, * = incompatible
2022-05-02 02:35:56,847 - octoprint.environment - INFO - Detected environment is Python 3.8.12 under Linux (linux). Details:
|  hardware:
|    cores: 4
|    freq: 1500.0
|    ram: 3926478848
|  os:
|    bits: 64
|    id: linux
|    platform: linux
|  plugins:
|    pi_support:
|      model: Raspberry Pi 4 Model B Rev 1.1
|      throttle_state: '0x0'
|  python:
|    pip: 21.2.4
|    version: 3.8.12
2022-05-02 02:35:56,855 - octoprint.server - INFO - Reset webasset folder /octoprint/octoprint/generated/webassets...
2022-05-02 02:35:56,857 - octoprint.server - INFO - Reset webasset folder /octoprint/octoprint/generated/.webassets-cache...
2022-05-02 02:35:57,413 - octoprint.server - INFO - Shutting down intermediary server...
2022-05-02 02:35:57,560 - octoprint.server - INFO - Intermediary server shut down
2022-05-02 02:35:57,562 - octoprint.events - INFO - Processing startup event, this is our first event
2022-05-02 02:35:57,563 - octoprint.events - INFO - Adding 1 events to queue that were held back before startup event
2022-05-02 02:35:57,564 - octoprint.filemanager - INFO - Adding backlog items from all storage types to analysis queue...
2022-05-02 02:35:57,569 - octoprint.server.util.watchdog - INFO - Running initial scan on watched folder...
2022-05-02 02:35:57,569 - octoprint.filemanager - INFO - Added 0 items from storage type "local" to analysis queue
2022-05-02 02:35:57,574 - octoprint.server.util.watchdog - INFO - ... initial scan done.
2022-05-02 02:35:58,387 - octoprint.plugins.discovery - INFO - Registered 'OctoPrint instance on 65142db30913._http._tcp.local.' for _http._tcp.local.
2022-05-02 02:35:59,201 - octoprint.plugins.discovery - INFO - Registered 'OctoPrint instance on 65142db30913._octoprint._tcp.local.' for _octoprint._tcp.local.
2022-05-02 02:35:59,205 - octoprint.plugins.discovery - INFO - Registered OctoPrint instance on 65142db30913 for SSDP
2022-05-02 02:35:59,226 - octoprint.server - INFO - Listening on http://0.0.0.0:5000
2022-05-02 02:35:59,292 - octoprint.plugins.pluginmanager - INFO - Loaded plugin repository data from disk, was still valid
2022-05-02 02:36:00,476 - octoprint.util.pip - INFO - Using "/usr/local/bin/python -m pip" as command to invoke pip
2022-05-02 02:36:00,478 - octoprint.util.pip - INFO - pip installs to /usr/local/lib/python3.8/site-packages (writable -> yes), --user flag needed -> no, virtual env -> no
2022-05-02 02:36:00,479 - octoprint.util.pip - INFO - ==> pip ok -> yes
2022-05-02 02:36:00,559 - octoprint.plugins.softwareupdate - INFO - Minimum free storage across all update relevant locations is 106.7GB. That is considered sufficient for updating.
2022-05-02 02:36:00,560 - octoprint.plugins.softwareupdate - INFO - Fetching check overlays from https://plugins.octoprint.org/update_check_overlay.json
2022-05-02 02:36:01,011 - octoprint.plugins.pluginmanager - INFO - Loaded notice data from disk, was still valid
2022-05-02 02:36:12,656 - octoprint.server.util.flask.PreemptiveCache - INFO - Adding entry for / and {'path': '/', 'base_url': 'http://octopi.local/', 'query_string': 'l10n=en', '_timestamp': 1651458972.6560686, '_count': 1}
2022-05-02 02:36:19,120 - octoprint.server.util.sockjs - INFO - New connection from client: 192.168.1.147
2022-05-02 02:36:43,320 - octoprint.access.users - INFO - Logged in user: sstevenson72
2022-05-02 02:36:43,321 - octoprint.server.api - INFO - Actively logging in user sstevenson72 from 192.168.1.147
2022-05-02 02:36:43,376 - octoprint.server.util.sockjs - INFO - User sstevenson72 logged in on the socket from client 192.168.1.147
2022-05-02 02:42:06,890 - octoprint.server.api - ERROR - Error while running a test GET request on http://octopi.local:8080/?action=snapshot
Traceback (most recent call last):
  File "/usr/local/lib/python3.8/site-packages/urllib3/connection.py", line 174, in _new_conn
    conn = connection.create_connection(
  File "/usr/local/lib/python3.8/site-packages/urllib3/util/connection.py", line 72, in create_connection
    for res in socket.getaddrinfo(host, port, family, socket.SOCK_STREAM):
  File "/usr/local/lib/python3.8/socket.py", line 918, in getaddrinfo
    for res in _socket.getaddrinfo(host, port, family, type, proto, flags):
socket.gaierror: [Errno -2] Name or service not known

During handling of the above exception, another exception occurred:

Traceback (most recent call last):
  File "/usr/local/lib/python3.8/site-packages/urllib3/connectionpool.py", line 703, in urlopen
    httplib_response = self._make_request(
  File "/usr/local/lib/python3.8/site-packages/urllib3/connectionpool.py", line 398, in _make_request
    conn.request(method, url, **httplib_request_kw)
  File "/usr/local/lib/python3.8/site-packages/urllib3/connection.py", line 239, in request
    super(HTTPConnection, self).request(method, url, body=body, headers=headers)
  File "/usr/local/lib/python3.8/http/client.py", line 1256, in request
    self._send_request(method, url, body, headers, encode_chunked)
  File "/usr/local/lib/python3.8/http/client.py", line 1302, in _send_request
    self.endheaders(body, encode_chunked=encode_chunked)
  File "/usr/local/lib/python3.8/http/client.py", line 1251, in endheaders
    self._send_output(message_body, encode_chunked=encode_chunked)
  File "/usr/local/lib/python3.8/http/client.py", line 1011, in _send_output
    self.send(msg)
  File "/usr/local/lib/python3.8/http/client.py", line 951, in send
    self.connect()
  File "/usr/local/lib/python3.8/site-packages/urllib3/connection.py", line 205, in connect
    conn = self._new_conn()
  File "/usr/local/lib/python3.8/site-packages/urllib3/connection.py", line 186, in _new_conn
    raise NewConnectionError(
urllib3.exceptions.NewConnectionError: <urllib3.connection.HTTPConnection object at 0x7f9818cbe0>: Failed to establish a new connection: [Errno -2] Name or service not known

During handling of the above exception, another exception occurred:

Traceback (most recent call last):
  File "/usr/local/lib/python3.8/site-packages/requests/adapters.py", line 440, in send
    resp = conn.urlopen(
  File "/usr/local/lib/python3.8/site-packages/urllib3/connectionpool.py", line 785, in urlopen
    retries = retries.increment(
  File "/usr/local/lib/python3.8/site-packages/urllib3/util/retry.py", line 592, in increment
    raise MaxRetryError(_pool, url, error or ResponseError(cause))
urllib3.exceptions.MaxRetryError: HTTPConnectionPool(host='octopi.local', port=8080): Max retries exceeded with url: /?action=snapshot (Caused by NewConnectionError('<urllib3.connection.HTTPConnection object at 0x7f9818cbe0>: Failed to establish a new connection: [Errno -2] Name or service not known'))

During handling of the above exception, another exception occurred:

Traceback (most recent call last):
  File "/usr/local/lib/python3.8/site-packages/octoprint/server/api/__init__.py", line 634, in _test_url
    with requests.request(
  File "/usr/local/lib/python3.8/site-packages/requests/api.py", line 61, in request
    return session.request(method=method, url=url, **kwargs)
  File "/usr/local/lib/python3.8/site-packages/requests/sessions.py", line 529, in request
    resp = self.send(prep, **send_kwargs)
  File "/usr/local/lib/python3.8/site-packages/requests/sessions.py", line 645, in send
    r = adapter.send(request, **kwargs)
  File "/usr/local/lib/python3.8/site-packages/requests/adapters.py", line 519, in send
    raise ConnectionError(e, request=request)
requests.exceptions.ConnectionError: HTTPConnectionPool(host='octopi.local', port=8080): Max retries exceeded with url: /?action=snapshot (Caused by NewConnectionError('<urllib3.connection.HTTPConnection object at 0x7f9818cbe0>: Failed to establish a new connection: [Errno -2] Name or service not known'))
2022-05-02 02:42:29,690 - octoprint.server.api - ERROR - Error while running a test GET request on http://octopi.local:8080/?action=snapshot
Traceback (most recent call last):
  File "/usr/local/lib/python3.8/site-packages/urllib3/connection.py", line 174, in _new_conn
    conn = connection.create_connection(
  File "/usr/local/lib/python3.8/site-packages/urllib3/util/connection.py", line 72, in create_connection
    for res in socket.getaddrinfo(host, port, family, socket.SOCK_STREAM):
  File "/usr/local/lib/python3.8/socket.py", line 918, in getaddrinfo
    for res in _socket.getaddrinfo(host, port, family, type, proto, flags):
socket.gaierror: [Errno -2] Name or service not known

During handling of the above exception, another exception occurred:

Traceback (most recent call last):
  File "/usr/local/lib/python3.8/site-packages/urllib3/connectionpool.py", line 703, in urlopen
    httplib_response = self._make_request(
  File "/usr/local/lib/python3.8/site-packages/urllib3/connectionpool.py", line 398, in _make_request
    conn.request(method, url, **httplib_request_kw)
  File "/usr/local/lib/python3.8/site-packages/urllib3/connection.py", line 239, in request
    super(HTTPConnection, self).request(method, url, body=body, headers=headers)
  File "/usr/local/lib/python3.8/http/client.py", line 1256, in request
    self._send_request(method, url, body, headers, encode_chunked)
  File "/usr/local/lib/python3.8/http/client.py", line 1302, in _send_request
    self.endheaders(body, encode_chunked=encode_chunked)
  File "/usr/local/lib/python3.8/http/client.py", line 1251, in endheaders
    self._send_output(message_body, encode_chunked=encode_chunked)
  File "/usr/local/lib/python3.8/http/client.py", line 1011, in _send_output
    self.send(msg)
  File "/usr/local/lib/python3.8/http/client.py", line 951, in send
    self.connect()
  File "/usr/local/lib/python3.8/site-packages/urllib3/connection.py", line 205, in connect
    conn = self._new_conn()
  File "/usr/local/lib/python3.8/site-packages/urllib3/connection.py", line 186, in _new_conn
    raise NewConnectionError(
urllib3.exceptions.NewConnectionError: <urllib3.connection.HTTPConnection object at 0x7f8840c820>: Failed to establish a new connection: [Errno -2] Name or service not known

During handling of the above exception, another exception occurred:

Traceback (most recent call last):
  File "/usr/local/lib/python3.8/site-packages/requests/adapters.py", line 440, in send
    resp = conn.urlopen(
  File "/usr/local/lib/python3.8/site-packages/urllib3/connectionpool.py", line 785, in urlopen
    retries = retries.increment(
  File "/usr/local/lib/python3.8/site-packages/urllib3/util/retry.py", line 592, in increment
    raise MaxRetryError(_pool, url, error or ResponseError(cause))
urllib3.exceptions.MaxRetryError: HTTPConnectionPool(host='octopi.local', port=8080): Max retries exceeded with url: /?action=snapshot (Caused by NewConnectionError('<urllib3.connection.HTTPConnection object at 0x7f8840c820>: Failed to establish a new connection: [Errno -2] Name or service not known'))

During handling of the above exception, another exception occurred:

Traceback (most recent call last):
  File "/usr/local/lib/python3.8/site-packages/octoprint/server/api/__init__.py", line 634, in _test_url
    with requests.request(
  File "/usr/local/lib/python3.8/site-packages/requests/api.py", line 61, in request
    return session.request(method=method, url=url, **kwargs)
  File "/usr/local/lib/python3.8/site-packages/requests/sessions.py", line 529, in request
    resp = self.send(prep, **send_kwargs)
  File "/usr/local/lib/python3.8/site-packages/requests/sessions.py", line 645, in send
    r = adapter.send(request, **kwargs)
  File "/usr/local/lib/python3.8/site-packages/requests/adapters.py", line 519, in send
    raise ConnectionError(e, request=request)
requests.exceptions.ConnectionError: HTTPConnectionPool(host='octopi.local', port=8080): Max retries exceeded with url: /?action=snapshot (Caused by NewConnectionError('<urllib3.connection.HTTPConnection object at 0x7f8840c820>: Failed to establish a new connection: [Errno -2] Name or service not known'))
2022-05-02 02:43:34,526 - octoprint.server.api - ERROR - Error while running a test GET request on http://octopi.local:8080/?action=snapshot
Traceback (most recent call last):
  File "/usr/local/lib/python3.8/site-packages/urllib3/connection.py", line 174, in _new_conn
    conn = connection.create_connection(
  File "/usr/local/lib/python3.8/site-packages/urllib3/util/connection.py", line 72, in create_connection
    for res in socket.getaddrinfo(host, port, family, socket.SOCK_STREAM):
  File "/usr/local/lib/python3.8/socket.py", line 918, in getaddrinfo
    for res in _socket.getaddrinfo(host, port, family, type, proto, flags):
socket.gaierror: [Errno -2] Name or service not known

During handling of the above exception, another exception occurred:

Traceback (most recent call last):
  File "/usr/local/lib/python3.8/site-packages/urllib3/connectionpool.py", line 703, in urlopen
    httplib_response = self._make_request(
  File "/usr/local/lib/python3.8/site-packages/urllib3/connectionpool.py", line 398, in _make_request
    conn.request(method, url, **httplib_request_kw)
  File "/usr/local/lib/python3.8/site-packages/urllib3/connection.py", line 239, in request
    super(HTTPConnection, self).request(method, url, body=body, headers=headers)
  File "/usr/local/lib/python3.8/http/client.py", line 1256, in request
    self._send_request(method, url, body, headers, encode_chunked)
  File "/usr/local/lib/python3.8/http/client.py", line 1302, in _send_request
    self.endheaders(body, encode_chunked=encode_chunked)
  File "/usr/local/lib/python3.8/http/client.py", line 1251, in endheaders
    self._send_output(message_body, encode_chunked=encode_chunked)
  File "/usr/local/lib/python3.8/http/client.py", line 1011, in _send_output
    self.send(msg)
  File "/usr/local/lib/python3.8/http/client.py", line 951, in send
    self.connect()
  File "/usr/local/lib/python3.8/site-packages/urllib3/connection.py", line 205, in connect
    conn = self._new_conn()
  File "/usr/local/lib/python3.8/site-packages/urllib3/connection.py", line 186, in _new_conn
    raise NewConnectionError(
urllib3.exceptions.NewConnectionError: <urllib3.connection.HTTPConnection object at 0x7f8840c8b0>: Failed to establish a new connection: [Errno -2] Name or service not known

During handling of the above exception, another exception occurred:

Traceback (most recent call last):
  File "/usr/local/lib/python3.8/site-packages/requests/adapters.py", line 440, in send
    resp = conn.urlopen(
  File "/usr/local/lib/python3.8/site-packages/urllib3/connectionpool.py", line 785, in urlopen
    retries = retries.increment(
  File "/usr/local/lib/python3.8/site-packages/urllib3/util/retry.py", line 592, in increment
    raise MaxRetryError(_pool, url, error or ResponseError(cause))
urllib3.exceptions.MaxRetryError: HTTPConnectionPool(host='octopi.local', port=8080): Max retries exceeded with url: /?action=snapshot (Caused by NewConnectionError('<urllib3.connection.HTTPConnection object at 0x7f8840c8b0>: Failed to establish a new connection: [Errno -2] Name or service not known'))

During handling of the above exception, another exception occurred:

Traceback (most recent call last):
  File "/usr/local/lib/python3.8/site-packages/octoprint/server/api/__init__.py", line 634, in _test_url
    with requests.request(
  File "/usr/local/lib/python3.8/site-packages/requests/api.py", line 61, in request
    return session.request(method=method, url=url, **kwargs)
  File "/usr/local/lib/python3.8/site-packages/requests/sessions.py", line 529, in request
    resp = self.send(prep, **send_kwargs)
  File "/usr/local/lib/python3.8/site-packages/requests/sessions.py", line 645, in send
    r = adapter.send(request, **kwargs)
  File "/usr/local/lib/python3.8/site-packages/requests/adapters.py", line 519, in send
    raise ConnectionError(e, request=request)
requests.exceptions.ConnectionError: HTTPConnectionPool(host='octopi.local', port=8080): Max retries exceeded with url: /?action=snapshot (Caused by NewConnectionError('<urllib3.connection.HTTPConnection object at 0x7f8840c8b0>: Failed to establish a new connection: [Errno -2] Name or service not known'))
2022-05-02 02:44:46,147 - octoprint.server.util.flask - INFO - Passively logging in user sstevenson72 from 192.168.1.147
2022-05-02 02:44:46,148 - octoprint.access.users - INFO - Logged in user: sstevenson72
2022-05-02 02:44:46,695 - octoprint.server.util.sockjs - INFO - Client connection closed: 192.168.1.147
2022-05-02 02:44:47,135 - octoprint.server.util.sockjs - INFO - New connection from client: 192.168.1.147
2022-05-02 02:44:47,178 - octoprint.server.util.flask - INFO - Passively logging in user sstevenson72 from 192.168.1.147
2022-05-02 02:44:47,178 - octoprint.access.users - INFO - Logged in user: sstevenson72
2022-05-02 02:44:47,659 - octoprint.server.util.sockjs - INFO - User sstevenson72 logged in on the socket from client 192.168.1.147
2022-05-02 02:44:56,640 - octoprint.server.api.system - INFO - Performing command for core:restart: s6-svc -r /var/run/s6/services/octoprint
2022-05-02 02:44:56,666 - octoprint.server - INFO - Shutting down...
2022-05-02 02:44:56,779 - octoprint.server - INFO - Calling on_shutdown on plugins
2022-05-02 02:44:56,780 - octoprint.events - INFO - Processing shutdown event, this will be our last event
2022-05-02 02:44:56,785 - octoprint.events - INFO - Event loop shut down
2022-05-02 02:44:56,800 - octoprint.server - INFO - Goodbye!
2022-05-02 02:44:58,444 - octoprint.startup - INFO - ******************************************************************************
2022-05-02 02:44:58,446 - octoprint.startup - INFO - Starting OctoPrint 1.7.3
2022-05-02 02:44:58,447 - octoprint.startup - INFO - ******************************************************************************
2022-05-02 02:44:58,774 - octoprint.util.connectivity.connectivity_checker - INFO - Connectivity changed from offline to online
2022-05-02 02:44:58,834 - octoprint.util.connectivity.connectivity_checker - INFO - Connectivity state is currently: online
2022-05-02 02:44:58,834 - octoprint.util.connectivity.connectivity_checker - INFO - Connecting to 1.1.1.1:53 is working
2022-05-02 02:44:58,834 - octoprint.util.connectivity.connectivity_checker - INFO - Resolving octoprint.org is working
2022-05-02 02:44:59,347 - octoprint.startup - INFO - Blacklist processing done, adding 3 blacklisted plugin versions: roomtemp (any), GcodeEditor (>=0.1.1,<=0.2.8), gcodeleveling (>=0.1.0,<=0.1.1)
2022-05-02 02:44:59,386 - octoprint.plugin.core - INFO - Loading plugins from /usr/local/lib/python3.8/site-packages/octoprint/plugins, /octoprint/octoprint/plugins and installed plugin packages...
2022-05-02 02:45:00,503 - octoprint.plugin.core - INFO - Found 18 plugin(s) providing 18 mixin implementations, 38 hook handlers
2022-05-02 02:45:00,587 - octoprint.server.heartbeat - INFO - Starting server heartbeat, 900.0s interval
2022-05-02 02:45:00,596 - octoprint.server - INFO - Intermediary server started
2022-05-02 02:45:00,617 - octoprint.filemanager.storage - INFO - Initializing the file metadata for /octoprint/octoprint/uploads...
2022-05-02 02:45:00,619 - octoprint.filemanager.storage - INFO - ... file metadata for /octoprint/octoprint/uploads initialized successfully.
2022-05-02 02:45:00,623 - octoprint.server - INFO - Added new permission from plugin action_command_notification: PLUGIN_ACTION_COMMAND_NOTIFICATION_SHOW (needs: "Need(method='role', value='plugin_action_command_notification_show')")
2022-05-02 02:45:00,623 - octoprint.server - INFO - Added new permission from plugin action_command_notification: PLUGIN_ACTION_COMMAND_NOTIFICATION_CLEAR (needs: "Need(method='role', value='plugin_action_command_notification_clear')")
2022-05-02 02:45:00,624 - octoprint.server - INFO - Added new permission from plugin action_command_prompt: PLUGIN_ACTION_COMMAND_PROMPT_INTERACT (needs: "Need(method='role', value='plugin_action_command_prompt_interact')")
2022-05-02 02:45:00,625 - octoprint.server - INFO - Added new permission from plugin announcements: PLUGIN_ANNOUNCEMENTS_READ (needs: "Need(method='role', value='plugin_announcements_read')")
2022-05-02 02:45:00,625 - octoprint.server - INFO - Added new permission from plugin announcements: PLUGIN_ANNOUNCEMENTS_MANAGE (needs: "Need(method='role', value='plugin_announcements_manage'), Need(method='role', value='plugin_announcements_read')")
2022-05-02 02:45:00,626 - octoprint.server - INFO - Added new permission from plugin appkeys: PLUGIN_APPKEYS_ADMIN (needs: "Need(method='role', value='plugin_appkeys_admin')")
2022-05-02 02:45:00,626 - octoprint.server - INFO - Added new permission from plugin backup: PLUGIN_BACKUP_ACCESS (needs: "Need(method='role', value='plugin_backup_access')")
2022-05-02 02:45:00,626 - octoprint.server - INFO - Added new permission from plugin firmware_check: PLUGIN_FIRMWARE_CHECK_DISPLAY (needs: "Need(method='role', value='plugin_firmware_check_display')")
2022-05-02 02:45:00,627 - octoprint.server - INFO - Added new permission from plugin logging: PLUGIN_LOGGING_MANAGE (needs: "Need(method='role', value='plugin_logging_manage')")
2022-05-02 02:45:00,627 - octoprint.server - INFO - Added new permission from plugin pi_support: PLUGIN_PI_SUPPORT_STATUS (needs: "Need(method='role', value='plugin_pi_support_check')")
2022-05-02 02:45:00,628 - octoprint.server - INFO - Added new permission from plugin pluginmanager: PLUGIN_PLUGINMANAGER_MANAGE (needs: "Need(method='role', value='plugin_pluginmanager_manage')")
2022-05-02 02:45:00,628 - octoprint.server - INFO - Added new permission from plugin pluginmanager: PLUGIN_PLUGINMANAGER_INSTALL (needs: "Need(method='role', value='plugin_pluginmanager_manage'), Need(method='role', value='plugin_pluginmanager_install')")
2022-05-02 02:45:00,628 - octoprint.server - INFO - Added new permission from plugin softwareupdate: PLUGIN_SOFTWAREUPDATE_CHECK (needs: "Need(method='role', value='plugin_softwareupdate_check')")
2022-05-02 02:45:00,629 - octoprint.server - INFO - Added new permission from plugin softwareupdate: PLUGIN_SOFTWAREUPDATE_UPDATE (needs: "Need(method='role', value='plugin_softwareupdate_update')")
2022-05-02 02:45:00,630 - octoprint.server - INFO - Added new permission from plugin softwareupdate: PLUGIN_SOFTWAREUPDATE_CONFIGURE (needs: "Need(method='role', value='plugin_softwareupdate_configure')")
2022-05-02 02:45:01,690 - octoprint.util.pip - INFO - Using "/usr/local/bin/python -m pip" as command to invoke pip
2022-05-02 02:45:02,702 - octoprint.util.pip - INFO - Version of pip is 21.2.4
2022-05-02 02:45:02,704 - octoprint.util.pip - INFO - pip installs to /usr/local/lib/python3.8/site-packages (writable -> yes), --user flag needed -> no, virtual env -> no
2022-05-02 02:45:02,705 - octoprint.util.pip - INFO - ==> pip ok -> yes
2022-05-02 02:45:02,759 - octoprint.plugins.softwareupdate - INFO - Loaded version cache from disk
2022-05-02 02:45:02,827 - octoprint.plugin.core - INFO - Initialized 18 plugin implementation(s)
2022-05-02 02:45:02,837 - octoprint.plugin.core - INFO - 18 plugin(s) registered with the system:
|  Action Command Notification Support (bundled) = /usr/local/lib/python3.8/site-packages/octoprint/plugins/action_command_notification
|  Action Command Prompt Support (bundled) = /usr/local/lib/python3.8/site-packages/octoprint/plugins/action_command_prompt
|  Announcement Plugin (bundled) = /usr/local/lib/python3.8/site-packages/octoprint/plugins/announcements
|  Anonymous Usage Tracking (bundled) = /usr/local/lib/python3.8/site-packages/octoprint/plugins/tracking
|  Application Keys Plugin (bundled) = /usr/local/lib/python3.8/site-packages/octoprint/plugins/appkeys
|  Backup & Restore (bundled) = /usr/local/lib/python3.8/site-packages/octoprint/plugins/backup
|  Core Wizard (bundled) = /usr/local/lib/python3.8/site-packages/octoprint/plugins/corewizard
|  Discovery (bundled) = /usr/local/lib/python3.8/site-packages/octoprint/plugins/discovery
|  Error Tracking (bundled) = /usr/local/lib/python3.8/site-packages/octoprint/plugins/errortracking
|  Event Manager (bundled) = /usr/local/lib/python3.8/site-packages/octoprint/plugins/eventmanager
|  File Check (2021.2.23) (bundled) = /usr/local/lib/python3.8/site-packages/octoprint_file_check
|  Firmware Check (2021.10.11) (bundled) = /usr/local/lib/python3.8/site-packages/octoprint_firmware_check
|  GCode Viewer (bundled) = /usr/local/lib/python3.8/site-packages/octoprint/plugins/gcodeviewer
|  Logging (bundled) = /usr/local/lib/python3.8/site-packages/octoprint/plugins/logging
|  Pi Support Plugin (2021.10.28) (bundled) = /usr/local/lib/python3.8/site-packages/octoprint_pi_support
|  Plugin Manager (bundled) = /usr/local/lib/python3.8/site-packages/octoprint/plugins/pluginmanager
|  Software Update (bundled) = /usr/local/lib/python3.8/site-packages/octoprint/plugins/softwareupdate
|  Virtual Printer (bundled) = /usr/local/lib/python3.8/site-packages/octoprint/plugins/virtual_printer
Prefix legend: ! = disabled, # = blacklisted, * = incompatible
2022-05-02 02:45:02,867 - octoprint.environment - INFO - Detected environment is Python 3.8.12 under Linux (linux). Details:
|  hardware:
|    cores: 4
|    freq: 1500.0
|    ram: 3926478848
|  os:
|    bits: 64
|    id: linux
|    platform: linux
|  plugins:
|    pi_support:
|      model: Raspberry Pi 4 Model B Rev 1.1
|      throttle_state: '0x0'
|  python:
|    pip: 21.2.4
|    version: 3.8.12
2022-05-02 02:45:02,880 - octoprint.server - INFO - Reset webasset folder /octoprint/octoprint/generated/webassets...
2022-05-02 02:45:02,900 - octoprint.server - INFO - Reset webasset folder /octoprint/octoprint/generated/.webassets-cache...
2022-05-02 02:45:03,497 - octoprint.server - INFO - Shutting down intermediary server...
2022-05-02 02:45:03,982 - octoprint.server - INFO - Intermediary server shut down
2022-05-02 02:45:03,984 - octoprint.events - INFO - Processing startup event, this is our first event
2022-05-02 02:45:03,985 - octoprint.events - INFO - Adding 2 events to queue that were held back before startup event
2022-05-02 02:45:03,990 - octoprint.filemanager - INFO - Adding backlog items from all storage types to analysis queue...
2022-05-02 02:45:04,007 - octoprint.plugins.softwareupdate - INFO - Fetching check overlays from https://plugins.octoprint.org/update_check_overlay.json
2022-05-02 02:45:04,009 - octoprint.server.util.watchdog - INFO - Running initial scan on watched folder...
2022-05-02 02:45:04,010 - octoprint.filemanager - INFO - Added 0 items from storage type "local" to analysis queue
2022-05-02 02:45:04,041 - octoprint.plugins.pluginmanager - INFO - Loaded plugin repository data from disk, was still valid
2022-05-02 02:45:04,077 - octoprint.server.util.watchdog - INFO - ... initial scan done.
2022-05-02 02:45:05,161 - octoprint.plugins.discovery - INFO - Registered 'OctoPrint instance on 65142db30913._http._tcp.local.' for _http._tcp.local.
2022-05-02 02:45:05,588 - octoprint.plugins.pluginmanager - INFO - Loaded notice data from disk, was still valid
2022-05-02 02:45:06,028 - octoprint.plugins.discovery - INFO - Registered 'OctoPrint instance on 65142db30913._octoprint._tcp.local.' for _octoprint._tcp.local.
2022-05-02 02:45:06,033 - octoprint.plugins.discovery - INFO - Registered OctoPrint instance on 65142db30913 for SSDP
2022-05-02 02:45:06,064 - octoprint.server - INFO - Listening on http://0.0.0.0:5000
2022-05-02 02:45:06,132 - octoprint.plugins.pluginmanager - INFO - Loaded plugin repository data from disk, was still valid
2022-05-02 02:45:06,161 - octoprint.server.util.sockjs - INFO - New connection from client: 192.168.1.147
2022-05-02 02:45:06,410 - octoprint.server.util.flask - INFO - Passively logging in user sstevenson72 from 192.168.1.147
2022-05-02 02:45:06,411 - octoprint.access.users - INFO - Logged in user: sstevenson72
2022-05-02 02:45:07,277 - octoprint.util.pip - INFO - Using "/usr/local/bin/python -m pip" as command to invoke pip
2022-05-02 02:45:07,278 - octoprint.util.pip - INFO - pip installs to /usr/local/lib/python3.8/site-packages (writable -> yes), --user flag needed -> no, virtual env -> no
2022-05-02 02:45:07,278 - octoprint.util.pip - INFO - ==> pip ok -> yes
2022-05-02 02:45:07,348 - octoprint.plugins.softwareupdate - INFO - Minimum free storage across all update relevant locations is 106.7GB. That is considered sufficient for updating.
2022-05-02 02:45:07,971 - octoprint.plugins.pluginmanager - INFO - Loaded notice data from disk, was still valid
2022-05-02 02:45:08,130 - octoprint.server.preemptive_cache - INFO - Preemptively caching / (ui _default) for {'base_url': 'http://octopi.local/', 'path': '/', 'query_string': 'l10n=en'}
2022-05-02 02:45:08,465 - octoprint.server.util.sockjs - INFO - User sstevenson72 logged in on the socket from client 192.168.1.147
2022-05-02 02:45:09,028 - octoprint.server.util.flask - INFO - Passively logging in user sstevenson72 from 192.168.1.147
2022-05-02 02:45:09,028 - octoprint.access.users - INFO - Logged in user: sstevenson72
2022-05-02 02:45:19,562 - octoprint.server.preemptive_cache - INFO - ... done in 11.43s
2022-05-02 02:45:19,804 - octoprint.server.util.sockjs - INFO - Client connection closed: 192.168.1.147
2022-05-02 02:45:19,993 - octoprint.server.util.sockjs - INFO - New connection from client: 192.168.1.147
2022-05-02 02:45:20,036 - octoprint.server.util.flask - INFO - Passively logging in user sstevenson72 from 192.168.1.147
2022-05-02 02:45:20,036 - octoprint.access.users - INFO - Logged in user: sstevenson72
2022-05-02 02:45:20,525 - octoprint.server.util.sockjs - INFO - User sstevenson72 logged in on the socket from client 192.168.1.147
2022-05-02 02:46:40,526 - octoprint.util.comm - INFO - Changing monitoring state from "Offline" to "Detecting serial connection"
2022-05-02 02:46:40,551 - octoprint.util.comm - INFO - Serial detection: Performing autodetection with 7 port/baudrate candidates: /dev/ttyACM0@115200, /dev/ttyACM0@250000, /dev/ttyACM0@230400, /dev/ttyACM0@57600, /dev/ttyACM0@38400, /dev/ttyACM0@19200, /dev/ttyACM0@9600
2022-05-02 02:46:40,552 - octoprint.util.comm - INFO - Serial detection: Trying port /dev/ttyACM0, baudrate 115200
2022-05-02 02:46:40,552 - octoprint.util.comm - INFO - Connecting to port /dev/ttyACM0, baudrate 115200
2022-05-02 02:46:40,609 - octoprint.util.comm - INFO - Serial detection: Handshake attempt #1 with timeout 2.0s
2022-05-02 02:46:40,621 - octoprint.util.comm - INFO - M110 detected, setting current line number to 0
2022-05-02 02:46:41,636 - octoprint.util.comm - INFO - Changing monitoring state from "Detecting serial connection" to "Operational"
2022-05-02 02:46:41,655 - octoprint.util.comm - INFO - M110 detected, setting current line number to 0
2022-05-02 02:46:48,451 - octoprint.util.comm - INFO - Printer reports firmware name "Prusa-Firmware 3.10.1 based on Marlin"
2022-05-02 02:46:48,452 - octoprint.util.comm - INFO - Detected Prusa firmware, enabling relevant features for issue free communication
2022-05-02 02:46:48,453 - octoprint.util.comm - INFO - Firmware states that it supports temperature autoreporting
2022-05-02 02:47:27,994 - octoprint.printer.standard.job - INFO - Print job selected - origin: sdcard, path: 16xlak~1.gco, owner: sstevenson72, user: sstevenson72
2022-05-02 02:48:43,712 - octoprint.server.util.flask - INFO - Passively logging in user sstevenson72 from 192.168.1.147
2022-05-02 02:48:43,712 - octoprint.access.users - INFO - Logged in user: sstevenson72
2022-05-02 02:50:25,868 - octoprint.server - INFO - Shutting down...
2022-05-02 02:50:26,254 - octoprint.server - INFO - Calling on_shutdown on plugins
2022-05-02 02:50:26,255 - octoprint.events - INFO - Processing shutdown event, this will be our last event
2022-05-02 02:50:26,257 - octoprint.events - INFO - Event loop shut down
2022-05-02 02:50:26,273 - octoprint.server - INFO - Goodbye!
